This file contains any messages produced by compilers while
running configure, to aid debugging if configure makes a mistake.

It was created by sqlite configure 3.6.22, which was
generated by GNU Autoconf 2.62.  Invocation command line was

  $ ./configure --prefix=/home/yufei/workspace/Lamobo/d1_anyka/branches/beijing/src/popobox/install --host=arm-none-linux-gnueabi --disable-tcl

## --------- ##
## Platform. ##
## --------- ##

hostname = yufei-OptiPlex-360
uname -m = x86_64
uname -r = 3.2.0-29-generic
uname -s = Linux
uname -v = #46-Ubuntu SMP Fri Jul 27 17:03:23 UTC 2012

/usr/bin/uname -p = unknown
/bin/uname -X     = unknown

/bin/arch              = unknown
/usr/bin/arch -k       = unknown
/usr/convex/getsysinfo = unknown
/usr/bin/hostinfo      = unknown
/bin/machine           = unknown
/usr/bin/oslevel       = unknown
/bin/universe          = unknown

PATH: /usr/lib/lightdm/lightdm
PATH: /usr/local/sbin
PATH: /usr/local/bin
PATH: /usr/sbin
PATH: /usr/bin
PATH: /sbin
PATH: /bin
PATH: /usr/games


## ----------- ##
## Core tests. ##
## ----------- ##

configure:2135: checking build system type
configure:2153: result: x86_64-unknown-linux-gnu
configure:2175: checking host system type
configure:2190: result: arm-none-linux-gnueabi
configure:2220: checking for arm-none-linux-gnueabi-gcc
configure:2247: result: /home/yufei/workspace/Lamobo/d1_anyka/branches/beijing/compiler/arm-2009q3/bin/arm-none-linux-gnueabi-gcc
configure:2525: checking for C compiler version
configure:2533: /home/yufei/workspace/Lamobo/d1_anyka/branches/beijing/compiler/arm-2009q3/bin/arm-none-linux-gnueabi-gcc --version >&5
arm-none-linux-gnueabi-gcc (Sourcery G++ Lite 2009q3-67) 4.4.1
Copyright (C) 2009 Free Software Foundation, Inc.
This is free software; see the source for copying conditions.  There is NO
warranty; not even for MERCHANTABILITY or FITNESS FOR A PARTICULAR PURPOSE.

configure:2537: $? = 0
configure:2544: /home/yufei/workspace/Lamobo/d1_anyka/branches/beijing/compiler/arm-2009q3/bin/arm-none-linux-gnueabi-gcc -v >&5
Using built-in specs.
Target: arm-none-linux-gnueabi
Configured with: /scratch/julian/2009q3-respin-linux-lite/src/gcc-4.4/configure --build=i686-pc-linux-gnu --host=i686-pc-linux-gnu --target=arm-none-linux-gnueabi --enable-threads --disable-libmudflap --disable-libssp --disable-libstdcxx-pch --enable-extra-sgxxlite-multilibs --with-arch=armv5te --with-gnu-as --with-gnu-ld --with-specs='%{funwind-tables|fno-unwind-tables|mabi=*|ffreestanding|nostdlib:;:-funwind-tables} %{O2:%{!fno-remove-local-statics: -fremove-local-statics}} %{O*:%{O|O0|O1|O2|Os:;:%{!fno-remove-local-statics: -fremove-local-statics}}}' --enable-languages=c,c++ --enable-shared --disable-lto --enable-symvers=gnu --enable-__cxa_atexit --with-pkgversion='Sourcery G++ Lite 2009q3-67' --with-bugurl=https://support.codesourcery.com/GNUToolchain/ --disable-nls --prefix=/opt/codesourcery --with-sysroot=/opt/codesourcery/arm-none-linux-gnueabi/libc --with-build-sysroot=/scratch/julian/2009q3-respin-linux-lite/install/arm-none-linux-gnueabi/libc --with-gmp=/scratch/julian/2009q3-respin-linux-lite/obj/host-libs-2009q3-67-arm-none-linux-gnueabi-i686-pc-linux-gnu/usr --with-mpfr=/scratch/julian/2009q3-respin-linux-lite/obj/host-libs-2009q3-67-arm-none-linux-gnueabi-i686-pc-linux-gnu/usr --with-ppl=/scratch/julian/2009q3-respin-linux-lite/obj/host-libs-2009q3-67-arm-none-linux-gnueabi-i686-pc-linux-gnu/usr --with-host-libstdcxx='-static-libgcc -Wl,-Bstatic,-lstdc++,-Bdynamic -lm' --with-cloog=/scratch/julian/2009q3-respin-linux-lite/obj/host-libs-2009q3-67-arm-none-linux-gnueabi-i686-pc-linux-gnu/usr --disable-libgomp --enable-poison-system-directories --with-build-time-tools=/scratch/julian/2009q3-respin-linux-lite/install/arm-none-linux-gnueabi/bin --with-build-time-tools=/scratch/julian/2009q3-respin-linux-lite/install/arm-none-linux-gnueabi/bin
Thread model: posix
gcc version 4.4.1 (Sourcery G++ Lite 2009q3-67) 
configure:2548: $? = 0
configure:2555: /home/yufei/workspace/Lamobo/d1_anyka/branches/beijing/compiler/arm-2009q3/bin/arm-none-linux-gnueabi-gcc -V >&5
arm-none-linux-gnueabi-gcc: '-V' option must have argument
configure:2559: $? = 1
configure:2582: checking for C compiler default output file name
configure:2604: /home/yufei/workspace/Lamobo/d1_anyka/branches/beijing/compiler/arm-2009q3/bin/arm-none-linux-gnueabi-gcc -I/home/yufei/workspace/Lamobo/d1_anyka/branches/beijing/compiler/arm-2009q3/arm-none-linux-gnueabi/libc/usr/include -I/home/yufei/workspace/Lamobo/d1_anyka/branches/beijing/src/popobox/install/include   conftest.c  >&5
configure:2608: $? = 0
configure:2646: result: a.out
configure:2663: checking whether the C compiler works
configure:2673: ./a.out
./configure: line 2675: ./a.out: cannot execute binary file
configure:2677: $? = 126
configure:2694: result: yes
configure:2701: checking whether we are cross compiling
configure:2703: result: yes
configure:2706: checking for suffix of executables
configure:2713: /home/yufei/workspace/Lamobo/d1_anyka/branches/beijing/compiler/arm-2009q3/bin/arm-none-linux-gnueabi-gcc -o conftest -I/home/yufei/workspace/Lamobo/d1_anyka/branches/beijing/compiler/arm-2009q3/arm-none-linux-gnueabi/libc/usr/include -I/home/yufei/workspace/Lamobo/d1_anyka/branches/beijing/src/popobox/install/include   conftest.c  >&5
configure:2717: $? = 0
configure:2741: result: 
configure:2747: checking for suffix of object files
configure:2773: /home/yufei/workspace/Lamobo/d1_anyka/branches/beijing/compiler/arm-2009q3/bin/arm-none-linux-gnueabi-gcc -c -I/home/yufei/workspace/Lamobo/d1_anyka/branches/beijing/compiler/arm-2009q3/arm-none-linux-gnueabi/libc/usr/include -I/home/yufei/workspace/Lamobo/d1_anyka/branches/beijing/src/popobox/install/include  conftest.c >&5
configure:2777: $? = 0
configure:2800: result: o
configure:2804: checking whether we are using the GNU C compiler
configure:2833: /home/yufei/workspace/Lamobo/d1_anyka/branches/beijing/compiler/arm-2009q3/bin/arm-none-linux-gnueabi-gcc -c -I/home/yufei/workspace/Lamobo/d1_anyka/branches/beijing/compiler/arm-2009q3/arm-none-linux-gnueabi/libc/usr/include -I/home/yufei/workspace/Lamobo/d1_anyka/branches/beijing/src/popobox/install/include  conftest.c >&5
configure:2840: $? = 0
configure:2857: result: yes
configure:2866: checking whether /home/yufei/workspace/Lamobo/d1_anyka/branches/beijing/compiler/arm-2009q3/bin/arm-none-linux-gnueabi-gcc accepts -g
configure:2896: /home/yufei/workspace/Lamobo/d1_anyka/branches/beijing/compiler/arm-2009q3/bin/arm-none-linux-gnueabi-gcc -c -g  conftest.c >&5
configure:2903: $? = 0
configure:3004: result: yes
configure:3021: checking for /home/yufei/workspace/Lamobo/d1_anyka/branches/beijing/compiler/arm-2009q3/bin/arm-none-linux-gnueabi-gcc option to accept ISO C89
configure:3095: /home/yufei/workspace/Lamobo/d1_anyka/branches/beijing/compiler/arm-2009q3/bin/arm-none-linux-gnueabi-gcc  -c -I/home/yufei/workspace/Lamobo/d1_anyka/branches/beijing/compiler/arm-2009q3/arm-none-linux-gnueabi/libc/usr/include -I/home/yufei/workspace/Lamobo/d1_anyka/branches/beijing/src/popobox/install/include  conftest.c >&5
configure:3102: $? = 0
configure:3125: result: none needed
configure:3143: checking for a sed that does not truncate output
configure:3209: result: /bin/sed
configure:3227: checking for grep that handles long lines and -e
configure:3287: result: /bin/grep
configure:3292: checking for egrep
configure:3356: result: /bin/grep -E
configure:3361: checking for fgrep
configure:3425: result: /bin/grep -F
configure:3460: checking for ld used by /home/yufei/workspace/Lamobo/d1_anyka/branches/beijing/compiler/arm-2009q3/bin/arm-none-linux-gnueabi-gcc
configure:3527: result: /home/yufei/workspace/Lamobo/d1_anyka/branches/beijing/compiler/arm-2009q3/arm-none-linux-gnueabi/bin/ld
configure:3536: checking if the linker (/home/yufei/workspace/Lamobo/d1_anyka/branches/beijing/compiler/arm-2009q3/arm-none-linux-gnueabi/bin/ld) is GNU ld
configure:3551: result: yes
configure:3563: checking for BSD- or MS-compatible name lister (nm)
configure:3612: result: no
configure:3623: checking for arm-none-linux-gnueabi-dumpbin
configure:3653: result: no
configure:3623: checking for arm-none-linux-gnueabi-link
configure:3653: result: no
configure:3667: checking for dumpbin
configure:3697: result: no
configure:3667: checking for link
configure:3683: found /usr/bin/link
configure:3694: result: link -dump -symbols
configure:3712: WARNING: In the future, Autoconf will not detect cross-tools
whose name does not start with the host triplet.  If you think this
configuration is useful to you, please write to autoconf@gnu.org.
configure:3734: checking the name lister (link -dump -symbols) interface
configure:3741: /home/yufei/workspace/Lamobo/d1_anyka/branches/beijing/compiler/arm-2009q3/bin/arm-none-linux-gnueabi-gcc -c -I/home/yufei/workspace/Lamobo/d1_anyka/branches/beijing/compiler/arm-2009q3/arm-none-linux-gnueabi/libc/usr/include -I/home/yufei/workspace/Lamobo/d1_anyka/branches/beijing/src/popobox/install/include  conftest.c >&5
configure:3744: link -dump -symbols "conftest.o"
link: invalid option -- 'd'
Try `link --help' for more information.
configure:3747: output
configure:3754: result: BSD nm
configure:3757: checking whether ln -s works
configure:3761: result: yes
configure:3769: checking the maximum length of command line arguments
configure:3889: result: 1572864
configure:3906: checking whether the shell understands some XSI constructs
configure:3916: result: yes
configure:3920: checking whether the shell understands "+="
configure:3926: result: yes
configure:3961: checking for /home/yufei/workspace/Lamobo/d1_anyka/branches/beijing/compiler/arm-2009q3/arm-none-linux-gnueabi/bin/ld option to reload object files
configure:3968: result: -r
configure:3997: checking for arm-none-linux-gnueabi-objdump
configure:4027: result: no
configure:4037: checking for objdump
configure:4053: found /usr/bin/objdump
configure:4064: result: objdump
configure:4100: checking how to recognize dependent libraries
configure:4296: result: pass_all
configure:4316: checking for arm-none-linux-gnueabi-ar
configure:4343: result: /home/yufei/workspace/Lamobo/d1_anyka/branches/beijing/compiler/arm-2009q3/bin/arm-none-linux-gnueabi-ar
configure:4425: checking for arm-none-linux-gnueabi-strip
configure:4455: result: no
configure:4465: checking for strip
configure:4481: found /usr/bin/strip
configure:4492: result: strip
configure:4528: checking for arm-none-linux-gnueabi-ranlib
configure:4555: result: /home/yufei/workspace/Lamobo/d1_anyka/branches/beijing/compiler/arm-2009q3/bin/arm-none-linux-gnueabi-ranlib
configure:4689: checking command to parse link -dump -symbols output from /home/yufei/workspace/Lamobo/d1_anyka/branches/beijing/compiler/arm-2009q3/bin/arm-none-linux-gnueabi-gcc object
configure:4807: /home/yufei/workspace/Lamobo/d1_anyka/branches/beijing/compiler/arm-2009q3/bin/arm-none-linux-gnueabi-gcc -c -I/home/yufei/workspace/Lamobo/d1_anyka/branches/beijing/compiler/arm-2009q3/arm-none-linux-gnueabi/libc/usr/include -I/home/yufei/workspace/Lamobo/d1_anyka/branches/beijing/src/popobox/install/include  conftest.c >&5
configure:4810: $? = 0
configure:4814: link -dump -symbols conftest.o \| sed -n -e 's/^.*[	 ]\([BCDEGRST][BCDEGRST]*\)[	 ][	 ]*\([_A-Za-z][_A-Za-z0-9]*\)$/\1 \2 \2/p' \> conftest.nm
link: invalid option -- 'd'
Try `link --help' for more information.
configure:4817: $? = 0
cannot run sed -n -e 's/^.*[	 ]\([BCDEGRST][BCDEGRST]*\)[	 ][	 ]*\([_A-Za-z][_A-Za-z0-9]*\)$/\1 \2 \2/p'
configure:4807: /home/yufei/workspace/Lamobo/d1_anyka/branches/beijing/compiler/arm-2009q3/bin/arm-none-linux-gnueabi-gcc -c -I/home/yufei/workspace/Lamobo/d1_anyka/branches/beijing/compiler/arm-2009q3/arm-none-linux-gnueabi/libc/usr/include -I/home/yufei/workspace/Lamobo/d1_anyka/branches/beijing/src/popobox/install/include  conftest.c >&5
configure:4810: $? = 0
configure:4814: link -dump -symbols conftest.o \| sed -n -e 's/^.*[	 ]\([BCDEGRST][BCDEGRST]*\)[	 ][	 ]*_\([_A-Za-z][_A-Za-z0-9]*\)$/\1 _\2 \2/p' \> conftest.nm
link: invalid option -- 'd'
Try `link --help' for more information.
configure:4817: $? = 0
cannot run sed -n -e 's/^.*[	 ]\([BCDEGRST][BCDEGRST]*\)[	 ][	 ]*_\([_A-Za-z][_A-Za-z0-9]*\)$/\1 _\2 \2/p'
configure:4909: result: failed
configure:5799: checking how to run the C preprocessor
configure:5839: /home/yufei/workspace/Lamobo/d1_anyka/branches/beijing/compiler/arm-2009q3/bin/arm-none-linux-gnueabi-gcc -E  conftest.c
configure:5846: $? = 0
configure:5877: /home/yufei/workspace/Lamobo/d1_anyka/branches/beijing/compiler/arm-2009q3/bin/arm-none-linux-gnueabi-gcc -E  conftest.c
conftest.c:8: fatal error: ac_nonexistent.h: No such file or directory
compilation terminated.
configure:5884: $? = 1
configure: failed program was:
| /* confdefs.h.  */
| #define PACKAGE_NAME "sqlite"
| #define PACKAGE_TARNAME "sqlite"
| #define PACKAGE_VERSION "3.6.22"
| #define PACKAGE_STRING "sqlite 3.6.22"
| #define PACKAGE_BUGREPORT ""
| /* end confdefs.h.  */
| #include <ac_nonexistent.h>
configure:5917: result: /home/yufei/workspace/Lamobo/d1_anyka/branches/beijing/compiler/arm-2009q3/bin/arm-none-linux-gnueabi-gcc -E
configure:5946: /home/yufei/workspace/Lamobo/d1_anyka/branches/beijing/compiler/arm-2009q3/bin/arm-none-linux-gnueabi-gcc -E  conftest.c
configure:5953: $? = 0
configure:5984: /home/yufei/workspace/Lamobo/d1_anyka/branches/beijing/compiler/arm-2009q3/bin/arm-none-linux-gnueabi-gcc -E  conftest.c
conftest.c:8: fatal error: ac_nonexistent.h: No such file or directory
compilation terminated.
configure:5991: $? = 1
configure: failed program was:
| /* confdefs.h.  */
| #define PACKAGE_NAME "sqlite"
| #define PACKAGE_TARNAME "sqlite"
| #define PACKAGE_VERSION "3.6.22"
| #define PACKAGE_STRING "sqlite 3.6.22"
| #define PACKAGE_BUGREPORT ""
| /* end confdefs.h.  */
| #include <ac_nonexistent.h>
configure:6029: checking for ANSI C header files
configure:6059: /home/yufei/workspace/Lamobo/d1_anyka/branches/beijing/compiler/arm-2009q3/bin/arm-none-linux-gnueabi-gcc -c -I/home/yufei/workspace/Lamobo/d1_anyka/branches/beijing/compiler/arm-2009q3/arm-none-linux-gnueabi/libc/usr/include -I/home/yufei/workspace/Lamobo/d1_anyka/branches/beijing/src/popobox/install/include  conftest.c >&5
configure:6066: $? = 0
configure:6197: result: yes
configure:6221: checking for sys/types.h
configure:6242: /home/yufei/workspace/Lamobo/d1_anyka/branches/beijing/compiler/arm-2009q3/bin/arm-none-linux-gnueabi-gcc -c -I/home/yufei/workspace/Lamobo/d1_anyka/branches/beijing/compiler/arm-2009q3/arm-none-linux-gnueabi/libc/usr/include -I/home/yufei/workspace/Lamobo/d1_anyka/branches/beijing/src/popobox/install/include  conftest.c >&5
configure:6249: $? = 0
configure:6266: result: yes
configure:6221: checking for sys/stat.h
configure:6242: /home/yufei/workspace/Lamobo/d1_anyka/branches/beijing/compiler/arm-2009q3/bin/arm-none-linux-gnueabi-gcc -c -I/home/yufei/workspace/Lamobo/d1_anyka/branches/beijing/compiler/arm-2009q3/arm-none-linux-gnueabi/libc/usr/include -I/home/yufei/workspace/Lamobo/d1_anyka/branches/beijing/src/popobox/install/include  conftest.c >&5
configure:6249: $? = 0
configure:6266: result: yes
configure:6221: checking for stdlib.h
configure:6242: /home/yufei/workspace/Lamobo/d1_anyka/branches/beijing/compiler/arm-2009q3/bin/arm-none-linux-gnueabi-gcc -c -I/home/yufei/workspace/Lamobo/d1_anyka/branches/beijing/compiler/arm-2009q3/arm-none-linux-gnueabi/libc/usr/include -I/home/yufei/workspace/Lamobo/d1_anyka/branches/beijing/src/popobox/install/include  conftest.c >&5
configure:6249: $? = 0
configure:6266: result: yes
configure:6221: checking for string.h
configure:6242: /home/yufei/workspace/Lamobo/d1_anyka/branches/beijing/compiler/arm-2009q3/bin/arm-none-linux-gnueabi-gcc -c -I/home/yufei/workspace/Lamobo/d1_anyka/branches/beijing/compiler/arm-2009q3/arm-none-linux-gnueabi/libc/usr/include -I/home/yufei/workspace/Lamobo/d1_anyka/branches/beijing/src/popobox/install/include  conftest.c >&5
configure:6249: $? = 0
configure:6266: result: yes
configure:6221: checking for memory.h
configure:6242: /home/yufei/workspace/Lamobo/d1_anyka/branches/beijing/compiler/arm-2009q3/bin/arm-none-linux-gnueabi-gcc -c -I/home/yufei/workspace/Lamobo/d1_anyka/branches/beijing/compiler/arm-2009q3/arm-none-linux-gnueabi/libc/usr/include -I/home/yufei/workspace/Lamobo/d1_anyka/branches/beijing/src/popobox/install/include  conftest.c >&5
configure:6249: $? = 0
configure:6266: result: yes
configure:6221: checking for strings.h
configure:6242: /home/yufei/workspace/Lamobo/d1_anyka/branches/beijing/compiler/arm-2009q3/bin/arm-none-linux-gnueabi-gcc -c -I/home/yufei/workspace/Lamobo/d1_anyka/branches/beijing/compiler/arm-2009q3/arm-none-linux-gnueabi/libc/usr/include -I/home/yufei/workspace/Lamobo/d1_anyka/branches/beijing/src/popobox/install/include  conftest.c >&5
configure:6249: $? = 0
configure:6266: result: yes
configure:6221: checking for inttypes.h
configure:6242: /home/yufei/workspace/Lamobo/d1_anyka/branches/beijing/compiler/arm-2009q3/bin/arm-none-linux-gnueabi-gcc -c -I/home/yufei/workspace/Lamobo/d1_anyka/branches/beijing/compiler/arm-2009q3/arm-none-linux-gnueabi/libc/usr/include -I/home/yufei/workspace/Lamobo/d1_anyka/branches/beijing/src/popobox/install/include  conftest.c >&5
configure:6249: $? = 0
configure:6266: result: yes
configure:6221: checking for stdint.h
configure:6242: /home/yufei/workspace/Lamobo/d1_anyka/branches/beijing/compiler/arm-2009q3/bin/arm-none-linux-gnueabi-gcc -c -I/home/yufei/workspace/Lamobo/d1_anyka/branches/beijing/compiler/arm-2009q3/arm-none-linux-gnueabi/libc/usr/include -I/home/yufei/workspace/Lamobo/d1_anyka/branches/beijing/src/popobox/install/include  conftest.c >&5
configure:6249: $? = 0
configure:6266: result: yes
configure:6221: checking for unistd.h
configure:6242: /home/yufei/workspace/Lamobo/d1_anyka/branches/beijing/compiler/arm-2009q3/bin/arm-none-linux-gnueabi-gcc -c -I/home/yufei/workspace/Lamobo/d1_anyka/branches/beijing/compiler/arm-2009q3/arm-none-linux-gnueabi/libc/usr/include -I/home/yufei/workspace/Lamobo/d1_anyka/branches/beijing/src/popobox/install/include  conftest.c >&5
configure:6249: $? = 0
configure:6266: result: yes
configure:6283: checking for dlfcn.h
configure:6304: /home/yufei/workspace/Lamobo/d1_anyka/branches/beijing/compiler/arm-2009q3/bin/arm-none-linux-gnueabi-gcc -c -I/home/yufei/workspace/Lamobo/d1_anyka/branches/beijing/compiler/arm-2009q3/arm-none-linux-gnueabi/libc/usr/include -I/home/yufei/workspace/Lamobo/d1_anyka/branches/beijing/src/popobox/install/include  conftest.c >&5
configure:6311: $? = 0
configure:6328: result: yes
configure:6513: checking for objdir
configure:6528: result: .libs
configure:6820: checking if /home/yufei/workspace/Lamobo/d1_anyka/branches/beijing/compiler/arm-2009q3/bin/arm-none-linux-gnueabi-gcc supports -fno-rtti -fno-exceptions
configure:6838: /home/yufei/workspace/Lamobo/d1_anyka/branches/beijing/compiler/arm-2009q3/bin/arm-none-linux-gnueabi-gcc -c -I/home/yufei/workspace/Lamobo/d1_anyka/branches/beijing/compiler/arm-2009q3/arm-none-linux-gnueabi/libc/usr/include -I/home/yufei/workspace/Lamobo/d1_anyka/branches/beijing/src/popobox/install/include  -fno-rtti -fno-exceptions conftest.c >&5
cc1: warning: command line option "-fno-rtti" is valid for C++/ObjC++ but not for C
configure:6842: $? = 0
configure:6855: result: no
configure:6875: checking for /home/yufei/workspace/Lamobo/d1_anyka/branches/beijing/compiler/arm-2009q3/bin/arm-none-linux-gnueabi-gcc option to produce PIC
configure:7147: result: -fPIC -DPIC
configure:7159: checking if /home/yufei/workspace/Lamobo/d1_anyka/branches/beijing/compiler/arm-2009q3/bin/arm-none-linux-gnueabi-gcc PIC flag -fPIC -DPIC works
configure:7177: /home/yufei/workspace/Lamobo/d1_anyka/branches/beijing/compiler/arm-2009q3/bin/arm-none-linux-gnueabi-gcc -c -I/home/yufei/workspace/Lamobo/d1_anyka/branches/beijing/compiler/arm-2009q3/arm-none-linux-gnueabi/libc/usr/include -I/home/yufei/workspace/Lamobo/d1_anyka/branches/beijing/src/popobox/install/include  -fPIC -DPIC -DPIC conftest.c >&5
configure:7181: $? = 0
configure:7194: result: yes
configure:7218: checking if /home/yufei/workspace/Lamobo/d1_anyka/branches/beijing/compiler/arm-2009q3/bin/arm-none-linux-gnueabi-gcc static flag -static works
configure:7246: result: yes
configure:7261: checking if /home/yufei/workspace/Lamobo/d1_anyka/branches/beijing/compiler/arm-2009q3/bin/arm-none-linux-gnueabi-gcc supports -c -o file.o
configure:7282: /home/yufei/workspace/Lamobo/d1_anyka/branches/beijing/compiler/arm-2009q3/bin/arm-none-linux-gnueabi-gcc -c -I/home/yufei/workspace/Lamobo/d1_anyka/branches/beijing/compiler/arm-2009q3/arm-none-linux-gnueabi/libc/usr/include -I/home/yufei/workspace/Lamobo/d1_anyka/branches/beijing/src/popobox/install/include  -o out/conftest2.o conftest.c >&5
configure:7286: $? = 0
configure:7308: result: yes
configure:7316: checking if /home/yufei/workspace/Lamobo/d1_anyka/branches/beijing/compiler/arm-2009q3/bin/arm-none-linux-gnueabi-gcc supports -c -o file.o
configure:7363: result: yes
configure:7396: checking whether the /home/yufei/workspace/Lamobo/d1_anyka/branches/beijing/compiler/arm-2009q3/bin/arm-none-linux-gnueabi-gcc linker (/home/yufei/workspace/Lamobo/d1_anyka/branches/beijing/compiler/arm-2009q3/arm-none-linux-gnueabi/bin/ld) supports shared libraries
configure:8470: result: yes
configure:8507: checking whether -lc should be explicitly linked in
configure:8512: /home/yufei/workspace/Lamobo/d1_anyka/branches/beijing/compiler/arm-2009q3/bin/arm-none-linux-gnueabi-gcc -c -I/home/yufei/workspace/Lamobo/d1_anyka/branches/beijing/compiler/arm-2009q3/arm-none-linux-gnueabi/libc/usr/include -I/home/yufei/workspace/Lamobo/d1_anyka/branches/beijing/src/popobox/install/include  conftest.c >&5
configure:8515: $? = 0
configure:8530: /home/yufei/workspace/Lamobo/d1_anyka/branches/beijing/compiler/arm-2009q3/bin/arm-none-linux-gnueabi-gcc -shared conftest.o  -v -Wl,-soname -Wl,conftest -o conftest 2\>\&1 \| /bin/grep  -lc  \>/dev/null 2\>\&1
configure:8533: $? = 0
configure:8545: result: no
configure:8709: checking dynamic linker characteristics
configure:9165: /home/yufei/workspace/Lamobo/d1_anyka/branches/beijing/compiler/arm-2009q3/bin/arm-none-linux-gnueabi-gcc -o conftest -I/home/yufei/workspace/Lamobo/d1_anyka/branches/beijing/compiler/arm-2009q3/arm-none-linux-gnueabi/libc/usr/include -I/home/yufei/workspace/Lamobo/d1_anyka/branches/beijing/src/popobox/install/include   -Wl,-rpath -Wl,/foo conftest.c  >&5
configure:9172: $? = 0
configure:9405: result: GNU/Linux ld.so
configure:9507: checking how to hardcode library paths into programs
configure:9532: result: immediate
configure:10365: checking whether stripping libraries is possible
configure:10370: result: yes
configure:10405: checking if libtool supports shared libraries
configure:10407: result: yes
configure:10410: checking whether to build shared libraries
configure:10431: result: yes
configure:10434: checking whether to build static libraries
configure:10438: result: yes
configure:10487: checking for a BSD-compatible install
configure:10555: result: /usr/bin/install -c
configure:10570: checking for gawk
configure:10600: result: no
configure:10570: checking for mawk
configure:10586: found /usr/bin/mawk
configure:10597: result: mawk
configure:10619: checking for special C compiler options needed for large files
configure:10714: result: no
configure:10720: checking for _FILE_OFFSET_BITS value needed for large files
configure:10755: /home/yufei/workspace/Lamobo/d1_anyka/branches/beijing/compiler/arm-2009q3/bin/arm-none-linux-gnueabi-gcc -c -I/home/yufei/workspace/Lamobo/d1_anyka/branches/beijing/compiler/arm-2009q3/arm-none-linux-gnueabi/libc/usr/include -I/home/yufei/workspace/Lamobo/d1_anyka/branches/beijing/src/popobox/install/include  conftest.c >&5
conftest.c:26: warning: left shift count >= width of type
conftest.c:26: warning: left shift count >= width of type
conftest.c:28: error: size of array 'off_t_is_large' is negative
configure:10762: $? = 1
configure: failed program was:
| /* confdefs.h.  */
| #define PACKAGE_NAME "sqlite"
| #define PACKAGE_TARNAME "sqlite"
| #define PACKAGE_VERSION "3.6.22"
| #define PACKAGE_STRING "sqlite 3.6.22"
| #define PACKAGE_BUGREPORT ""
| #define STDC_HEADERS 1
| #define HAVE_SYS_TYPES_H 1
| #define HAVE_SYS_STAT_H 1
| #define HAVE_STDLIB_H 1
| #define HAVE_STRING_H 1
| #define HAVE_MEMORY_H 1
| #define HAVE_STRINGS_H 1
| #define HAVE_INTTYPES_H 1
| #define HAVE_STDINT_H 1
| #define HAVE_UNISTD_H 1
| #define HAVE_DLFCN_H 1
| #define LT_OBJDIR ".libs/"
| /* end confdefs.h.  */
| #include <sys/types.h>
|  /* Check that off_t can represent 2**63 - 1 correctly.
|     We can't simply define LARGE_OFF_T to be 9223372036854775807,
|     since some C++ compilers masquerading as C compilers
|     incorrectly reject 9223372036854775807.  */
| #define LARGE_OFF_T (((off_t) 1 << 62) - 1 + ((off_t) 1 << 62))
|   int off_t_is_large[(LARGE_OFF_T % 2147483629 == 721
| 		       && LARGE_OFF_T % 2147483647 == 1)
| 		      ? 1 : -1];
| int
| main ()
| {
| 
|   ;
|   return 0;
| }
configure:10806: /home/yufei/workspace/Lamobo/d1_anyka/branches/beijing/compiler/arm-2009q3/bin/arm-none-linux-gnueabi-gcc -c -I/home/yufei/workspace/Lamobo/d1_anyka/branches/beijing/compiler/arm-2009q3/arm-none-linux-gnueabi/libc/usr/include -I/home/yufei/workspace/Lamobo/d1_anyka/branches/beijing/src/popobox/install/include  conftest.c >&5
configure:10813: $? = 0
configure:10831: result: 64
configure:10971: checking for int8_t
configure:10999: /home/yufei/workspace/Lamobo/d1_anyka/branches/beijing/compiler/arm-2009q3/bin/arm-none-linux-gnueabi-gcc -c -I/home/yufei/workspace/Lamobo/d1_anyka/branches/beijing/compiler/arm-2009q3/arm-none-linux-gnueabi/libc/usr/include -I/home/yufei/workspace/Lamobo/d1_anyka/branches/beijing/src/popobox/install/include  conftest.c >&5
configure:11006: $? = 0
configure:11033: /home/yufei/workspace/Lamobo/d1_anyka/branches/beijing/compiler/arm-2009q3/bin/arm-none-linux-gnueabi-gcc -c -I/home/yufei/workspace/Lamobo/d1_anyka/branches/beijing/compiler/arm-2009q3/arm-none-linux-gnueabi/libc/usr/include -I/home/yufei/workspace/Lamobo/d1_anyka/branches/beijing/src/popobox/install/include  conftest.c >&5
conftest.c: In function 'main':
conftest.c:57: error: expected expression before ')' token
configure:11040: $? = 1
configure: failed program was:
| /* confdefs.h.  */
| #define PACKAGE_NAME "sqlite"
| #define PACKAGE_TARNAME "sqlite"
| #define PACKAGE_VERSION "3.6.22"
| #define PACKAGE_STRING "sqlite 3.6.22"
| #define PACKAGE_BUGREPORT ""
| #define STDC_HEADERS 1
| #define HAVE_SYS_TYPES_H 1
| #define HAVE_SYS_STAT_H 1
| #define HAVE_STDLIB_H 1
| #define HAVE_STRING_H 1
| #define HAVE_MEMORY_H 1
| #define HAVE_STRINGS_H 1
| #define HAVE_INTTYPES_H 1
| #define HAVE_STDINT_H 1
| #define HAVE_UNISTD_H 1
| #define HAVE_DLFCN_H 1
| #define LT_OBJDIR ".libs/"
| #define _FILE_OFFSET_BITS 64
| /* end confdefs.h.  */
| #include <stdio.h>
| #ifdef HAVE_SYS_TYPES_H
| # include <sys/types.h>
| #endif
| #ifdef HAVE_SYS_STAT_H
| # include <sys/stat.h>
| #endif
| #ifdef STDC_HEADERS
| # include <stdlib.h>
| # include <stddef.h>
| #else
| # ifdef HAVE_STDLIB_H
| #  include <stdlib.h>
| # endif
| #endif
| #ifdef HAVE_STRING_H
| # if !defined STDC_HEADERS && defined HAVE_MEMORY_H
| #  include <memory.h>
| # endif
| # include <string.h>
| #endif
| #ifdef HAVE_STRINGS_H
| # include <strings.h>
| #endif
| #ifdef HAVE_INTTYPES_H
| # include <inttypes.h>
| #endif
| #ifdef HAVE_STDINT_H
| # include <stdint.h>
| #endif
| #ifdef HAVE_UNISTD_H
| # include <unistd.h>
| #endif
| int
| main ()
| {
| if (sizeof ((int8_t)))
| 	  return 0;
|   ;
|   return 0;
| }
configure:11063: result: yes
configure:11073: checking for int16_t
configure:11101: /home/yufei/workspace/Lamobo/d1_anyka/branches/beijing/compiler/arm-2009q3/bin/arm-none-linux-gnueabi-gcc -c -I/home/yufei/workspace/Lamobo/d1_anyka/branches/beijing/compiler/arm-2009q3/arm-none-linux-gnueabi/libc/usr/include -I/home/yufei/workspace/Lamobo/d1_anyka/branches/beijing/src/popobox/install/include  conftest.c >&5
configure:11108: $? = 0
configure:11135: /home/yufei/workspace/Lamobo/d1_anyka/branches/beijing/compiler/arm-2009q3/bin/arm-none-linux-gnueabi-gcc -c -I/home/yufei/workspace/Lamobo/d1_anyka/branches/beijing/compiler/arm-2009q3/arm-none-linux-gnueabi/libc/usr/include -I/home/yufei/workspace/Lamobo/d1_anyka/branches/beijing/src/popobox/install/include  conftest.c >&5
conftest.c: In function 'main':
conftest.c:58: error: expected expression before ')' token
configure:11142: $? = 1
configure: failed program was:
| /* confdefs.h.  */
| #define PACKAGE_NAME "sqlite"
| #define PACKAGE_TARNAME "sqlite"
| #define PACKAGE_VERSION "3.6.22"
| #define PACKAGE_STRING "sqlite 3.6.22"
| #define PACKAGE_BUGREPORT ""
| #define STDC_HEADERS 1
| #define HAVE_SYS_TYPES_H 1
| #define HAVE_SYS_STAT_H 1
| #define HAVE_STDLIB_H 1
| #define HAVE_STRING_H 1
| #define HAVE_MEMORY_H 1
| #define HAVE_STRINGS_H 1
| #define HAVE_INTTYPES_H 1
| #define HAVE_STDINT_H 1
| #define HAVE_UNISTD_H 1
| #define HAVE_DLFCN_H 1
| #define LT_OBJDIR ".libs/"
| #define _FILE_OFFSET_BITS 64
| #define HAVE_INT8_T 1
| /* end confdefs.h.  */
| #include <stdio.h>
| #ifdef HAVE_SYS_TYPES_H
| # include <sys/types.h>
| #endif
| #ifdef HAVE_SYS_STAT_H
| # include <sys/stat.h>
| #endif
| #ifdef STDC_HEADERS
| # include <stdlib.h>
| # include <stddef.h>
| #else
| # ifdef HAVE_STDLIB_H
| #  include <stdlib.h>
| # endif
| #endif
| #ifdef HAVE_STRING_H
| # if !defined STDC_HEADERS && defined HAVE_MEMORY_H
| #  include <memory.h>
| # endif
| # include <string.h>
| #endif
| #ifdef HAVE_STRINGS_H
| # include <strings.h>
| #endif
| #ifdef HAVE_INTTYPES_H
| # include <inttypes.h>
| #endif
| #ifdef HAVE_STDINT_H
| # include <stdint.h>
| #endif
| #ifdef HAVE_UNISTD_H
| # include <unistd.h>
| #endif
| int
| main ()
| {
| if (sizeof ((int16_t)))
| 	  return 0;
|   ;
|   return 0;
| }
configure:11165: result: yes
configure:11175: checking for int32_t
configure:11203: /home/yufei/workspace/Lamobo/d1_anyka/branches/beijing/compiler/arm-2009q3/bin/arm-none-linux-gnueabi-gcc -c -I/home/yufei/workspace/Lamobo/d1_anyka/branches/beijing/compiler/arm-2009q3/arm-none-linux-gnueabi/libc/usr/include -I/home/yufei/workspace/Lamobo/d1_anyka/branches/beijing/src/popobox/install/include  conftest.c >&5
configure:11210: $? = 0
configure:11237: /home/yufei/workspace/Lamobo/d1_anyka/branches/beijing/compiler/arm-2009q3/bin/arm-none-linux-gnueabi-gcc -c -I/home/yufei/workspace/Lamobo/d1_anyka/branches/beijing/compiler/arm-2009q3/arm-none-linux-gnueabi/libc/usr/include -I/home/yufei/workspace/Lamobo/d1_anyka/branches/beijing/src/popobox/install/include  conftest.c >&5
conftest.c: In function 'main':
conftest.c:59: error: expected expression before ')' token
configure:11244: $? = 1
configure: failed program was:
| /* confdefs.h.  */
| #define PACKAGE_NAME "sqlite"
| #define PACKAGE_TARNAME "sqlite"
| #define PACKAGE_VERSION "3.6.22"
| #define PACKAGE_STRING "sqlite 3.6.22"
| #define PACKAGE_BUGREPORT ""
| #define STDC_HEADERS 1
| #define HAVE_SYS_TYPES_H 1
| #define HAVE_SYS_STAT_H 1
| #define HAVE_STDLIB_H 1
| #define HAVE_STRING_H 1
| #define HAVE_MEMORY_H 1
| #define HAVE_STRINGS_H 1
| #define HAVE_INTTYPES_H 1
| #define HAVE_STDINT_H 1
| #define HAVE_UNISTD_H 1
| #define HAVE_DLFCN_H 1
| #define LT_OBJDIR ".libs/"
| #define _FILE_OFFSET_BITS 64
| #define HAVE_INT8_T 1
| #define HAVE_INT16_T 1
| /* end confdefs.h.  */
| #include <stdio.h>
| #ifdef HAVE_SYS_TYPES_H
| # include <sys/types.h>
| #endif
| #ifdef HAVE_SYS_STAT_H
| # include <sys/stat.h>
| #endif
| #ifdef STDC_HEADERS
| # include <stdlib.h>
| # include <stddef.h>
| #else
| # ifdef HAVE_STDLIB_H
| #  include <stdlib.h>
| # endif
| #endif
| #ifdef HAVE_STRING_H
| # if !defined STDC_HEADERS && defined HAVE_MEMORY_H
| #  include <memory.h>
| # endif
| # include <string.h>
| #endif
| #ifdef HAVE_STRINGS_H
| # include <strings.h>
| #endif
| #ifdef HAVE_INTTYPES_H
| # include <inttypes.h>
| #endif
| #ifdef HAVE_STDINT_H
| # include <stdint.h>
| #endif
| #ifdef HAVE_UNISTD_H
| # include <unistd.h>
| #endif
| int
| main ()
| {
| if (sizeof ((int32_t)))
| 	  return 0;
|   ;
|   return 0;
| }
configure:11267: result: yes
configure:11277: checking for int64_t
configure:11305: /home/yufei/workspace/Lamobo/d1_anyka/branches/beijing/compiler/arm-2009q3/bin/arm-none-linux-gnueabi-gcc -c -I/home/yufei/workspace/Lamobo/d1_anyka/branches/beijing/compiler/arm-2009q3/arm-none-linux-gnueabi/libc/usr/include -I/home/yufei/workspace/Lamobo/d1_anyka/branches/beijing/src/popobox/install/include  conftest.c >&5
configure:11312: $? = 0
configure:11339: /home/yufei/workspace/Lamobo/d1_anyka/branches/beijing/compiler/arm-2009q3/bin/arm-none-linux-gnueabi-gcc -c -I/home/yufei/workspace/Lamobo/d1_anyka/branches/beijing/compiler/arm-2009q3/arm-none-linux-gnueabi/libc/usr/include -I/home/yufei/workspace/Lamobo/d1_anyka/branches/beijing/src/popobox/install/include  conftest.c >&5
conftest.c: In function 'main':
conftest.c:60: error: expected expression before ')' token
configure:11346: $? = 1
configure: failed program was:
| /* confdefs.h.  */
| #define PACKAGE_NAME "sqlite"
| #define PACKAGE_TARNAME "sqlite"
| #define PACKAGE_VERSION "3.6.22"
| #define PACKAGE_STRING "sqlite 3.6.22"
| #define PACKAGE_BUGREPORT ""
| #define STDC_HEADERS 1
| #define HAVE_SYS_TYPES_H 1
| #define HAVE_SYS_STAT_H 1
| #define HAVE_STDLIB_H 1
| #define HAVE_STRING_H 1
| #define HAVE_MEMORY_H 1
| #define HAVE_STRINGS_H 1
| #define HAVE_INTTYPES_H 1
| #define HAVE_STDINT_H 1
| #define HAVE_UNISTD_H 1
| #define HAVE_DLFCN_H 1
| #define LT_OBJDIR ".libs/"
| #define _FILE_OFFSET_BITS 64
| #define HAVE_INT8_T 1
| #define HAVE_INT16_T 1
| #define HAVE_INT32_T 1
| /* end confdefs.h.  */
| #include <stdio.h>
| #ifdef HAVE_SYS_TYPES_H
| # include <sys/types.h>
| #endif
| #ifdef HAVE_SYS_STAT_H
| # include <sys/stat.h>
| #endif
| #ifdef STDC_HEADERS
| # include <stdlib.h>
| # include <stddef.h>
| #else
| # ifdef HAVE_STDLIB_H
| #  include <stdlib.h>
| # endif
| #endif
| #ifdef HAVE_STRING_H
| # if !defined STDC_HEADERS && defined HAVE_MEMORY_H
| #  include <memory.h>
| # endif
| # include <string.h>
| #endif
| #ifdef HAVE_STRINGS_H
| # include <strings.h>
| #endif
| #ifdef HAVE_INTTYPES_H
| # include <inttypes.h>
| #endif
| #ifdef HAVE_STDINT_H
| # include <stdint.h>
| #endif
| #ifdef HAVE_UNISTD_H
| # include <unistd.h>
| #endif
| int
| main ()
| {
| if (sizeof ((int64_t)))
| 	  return 0;
|   ;
|   return 0;
| }
configure:11369: result: yes
configure:11379: checking for intptr_t
configure:11407: /home/yufei/workspace/Lamobo/d1_anyka/branches/beijing/compiler/arm-2009q3/bin/arm-none-linux-gnueabi-gcc -c -I/home/yufei/workspace/Lamobo/d1_anyka/branches/beijing/compiler/arm-2009q3/arm-none-linux-gnueabi/libc/usr/include -I/home/yufei/workspace/Lamobo/d1_anyka/branches/beijing/src/popobox/install/include  conftest.c >&5
configure:11414: $? = 0
configure:11441: /home/yufei/workspace/Lamobo/d1_anyka/branches/beijing/compiler/arm-2009q3/bin/arm-none-linux-gnueabi-gcc -c -I/home/yufei/workspace/Lamobo/d1_anyka/branches/beijing/compiler/arm-2009q3/arm-none-linux-gnueabi/libc/usr/include -I/home/yufei/workspace/Lamobo/d1_anyka/branches/beijing/src/popobox/install/include  conftest.c >&5
conftest.c: In function 'main':
conftest.c:61: error: expected expression before ')' token
configure:11448: $? = 1
configure: failed program was:
| /* confdefs.h.  */
| #define PACKAGE_NAME "sqlite"
| #define PACKAGE_TARNAME "sqlite"
| #define PACKAGE_VERSION "3.6.22"
| #define PACKAGE_STRING "sqlite 3.6.22"
| #define PACKAGE_BUGREPORT ""
| #define STDC_HEADERS 1
| #define HAVE_SYS_TYPES_H 1
| #define HAVE_SYS_STAT_H 1
| #define HAVE_STDLIB_H 1
| #define HAVE_STRING_H 1
| #define HAVE_MEMORY_H 1
| #define HAVE_STRINGS_H 1
| #define HAVE_INTTYPES_H 1
| #define HAVE_STDINT_H 1
| #define HAVE_UNISTD_H 1
| #define HAVE_DLFCN_H 1
| #define LT_OBJDIR ".libs/"
| #define _FILE_OFFSET_BITS 64
| #define HAVE_INT8_T 1
| #define HAVE_INT16_T 1
| #define HAVE_INT32_T 1
| #define HAVE_INT64_T 1
| /* end confdefs.h.  */
| #include <stdio.h>
| #ifdef HAVE_SYS_TYPES_H
| # include <sys/types.h>
| #endif
| #ifdef HAVE_SYS_STAT_H
| # include <sys/stat.h>
| #endif
| #ifdef STDC_HEADERS
| # include <stdlib.h>
| # include <stddef.h>
| #else
| # ifdef HAVE_STDLIB_H
| #  include <stdlib.h>
| # endif
| #endif
| #ifdef HAVE_STRING_H
| # if !defined STDC_HEADERS && defined HAVE_MEMORY_H
| #  include <memory.h>
| # endif
| # include <string.h>
| #endif
| #ifdef HAVE_STRINGS_H
| # include <strings.h>
| #endif
| #ifdef HAVE_INTTYPES_H
| # include <inttypes.h>
| #endif
| #ifdef HAVE_STDINT_H
| # include <stdint.h>
| #endif
| #ifdef HAVE_UNISTD_H
| # include <unistd.h>
| #endif
| int
| main ()
| {
| if (sizeof ((intptr_t)))
| 	  return 0;
|   ;
|   return 0;
| }
configure:11471: result: yes
configure:11481: checking for uint8_t
configure:11509: /home/yufei/workspace/Lamobo/d1_anyka/branches/beijing/compiler/arm-2009q3/bin/arm-none-linux-gnueabi-gcc -c -I/home/yufei/workspace/Lamobo/d1_anyka/branches/beijing/compiler/arm-2009q3/arm-none-linux-gnueabi/libc/usr/include -I/home/yufei/workspace/Lamobo/d1_anyka/branches/beijing/src/popobox/install/include  conftest.c >&5
configure:11516: $? = 0
configure:11543: /home/yufei/workspace/Lamobo/d1_anyka/branches/beijing/compiler/arm-2009q3/bin/arm-none-linux-gnueabi-gcc -c -I/home/yufei/workspace/Lamobo/d1_anyka/branches/beijing/compiler/arm-2009q3/arm-none-linux-gnueabi/libc/usr/include -I/home/yufei/workspace/Lamobo/d1_anyka/branches/beijing/src/popobox/install/include  conftest.c >&5
conftest.c: In function 'main':
conftest.c:62: error: expected expression before ')' token
configure:11550: $? = 1
configure: failed program was:
| /* confdefs.h.  */
| #define PACKAGE_NAME "sqlite"
| #define PACKAGE_TARNAME "sqlite"
| #define PACKAGE_VERSION "3.6.22"
| #define PACKAGE_STRING "sqlite 3.6.22"
| #define PACKAGE_BUGREPORT ""
| #define STDC_HEADERS 1
| #define HAVE_SYS_TYPES_H 1
| #define HAVE_SYS_STAT_H 1
| #define HAVE_STDLIB_H 1
| #define HAVE_STRING_H 1
| #define HAVE_MEMORY_H 1
| #define HAVE_STRINGS_H 1
| #define HAVE_INTTYPES_H 1
| #define HAVE_STDINT_H 1
| #define HAVE_UNISTD_H 1
| #define HAVE_DLFCN_H 1
| #define LT_OBJDIR ".libs/"
| #define _FILE_OFFSET_BITS 64
| #define HAVE_INT8_T 1
| #define HAVE_INT16_T 1
| #define HAVE_INT32_T 1
| #define HAVE_INT64_T 1
| #define HAVE_INTPTR_T 1
| /* end confdefs.h.  */
| #include <stdio.h>
| #ifdef HAVE_SYS_TYPES_H
| # include <sys/types.h>
| #endif
| #ifdef HAVE_SYS_STAT_H
| # include <sys/stat.h>
| #endif
| #ifdef STDC_HEADERS
| # include <stdlib.h>
| # include <stddef.h>
| #else
| # ifdef HAVE_STDLIB_H
| #  include <stdlib.h>
| # endif
| #endif
| #ifdef HAVE_STRING_H
| # if !defined STDC_HEADERS && defined HAVE_MEMORY_H
| #  include <memory.h>
| # endif
| # include <string.h>
| #endif
| #ifdef HAVE_STRINGS_H
| # include <strings.h>
| #endif
| #ifdef HAVE_INTTYPES_H
| # include <inttypes.h>
| #endif
| #ifdef HAVE_STDINT_H
| # include <stdint.h>
| #endif
| #ifdef HAVE_UNISTD_H
| # include <unistd.h>
| #endif
| int
| main ()
| {
| if (sizeof ((uint8_t)))
| 	  return 0;
|   ;
|   return 0;
| }
configure:11573: result: yes
configure:11583: checking for uint16_t
configure:11611: /home/yufei/workspace/Lamobo/d1_anyka/branches/beijing/compiler/arm-2009q3/bin/arm-none-linux-gnueabi-gcc -c -I/home/yufei/workspace/Lamobo/d1_anyka/branches/beijing/compiler/arm-2009q3/arm-none-linux-gnueabi/libc/usr/include -I/home/yufei/workspace/Lamobo/d1_anyka/branches/beijing/src/popobox/install/include  conftest.c >&5
configure:11618: $? = 0
configure:11645: /home/yufei/workspace/Lamobo/d1_anyka/branches/beijing/compiler/arm-2009q3/bin/arm-none-linux-gnueabi-gcc -c -I/home/yufei/workspace/Lamobo/d1_anyka/branches/beijing/compiler/arm-2009q3/arm-none-linux-gnueabi/libc/usr/include -I/home/yufei/workspace/Lamobo/d1_anyka/branches/beijing/src/popobox/install/include  conftest.c >&5
conftest.c: In function 'main':
conftest.c:63: error: expected expression before ')' token
configure:11652: $? = 1
configure: failed program was:
| /* confdefs.h.  */
| #define PACKAGE_NAME "sqlite"
| #define PACKAGE_TARNAME "sqlite"
| #define PACKAGE_VERSION "3.6.22"
| #define PACKAGE_STRING "sqlite 3.6.22"
| #define PACKAGE_BUGREPORT ""
| #define STDC_HEADERS 1
| #define HAVE_SYS_TYPES_H 1
| #define HAVE_SYS_STAT_H 1
| #define HAVE_STDLIB_H 1
| #define HAVE_STRING_H 1
| #define HAVE_MEMORY_H 1
| #define HAVE_STRINGS_H 1
| #define HAVE_INTTYPES_H 1
| #define HAVE_STDINT_H 1
| #define HAVE_UNISTD_H 1
| #define HAVE_DLFCN_H 1
| #define LT_OBJDIR ".libs/"
| #define _FILE_OFFSET_BITS 64
| #define HAVE_INT8_T 1
| #define HAVE_INT16_T 1
| #define HAVE_INT32_T 1
| #define HAVE_INT64_T 1
| #define HAVE_INTPTR_T 1
| #define HAVE_UINT8_T 1
| /* end confdefs.h.  */
| #include <stdio.h>
| #ifdef HAVE_SYS_TYPES_H
| # include <sys/types.h>
| #endif
| #ifdef HAVE_SYS_STAT_H
| # include <sys/stat.h>
| #endif
| #ifdef STDC_HEADERS
| # include <stdlib.h>
| # include <stddef.h>
| #else
| # ifdef HAVE_STDLIB_H
| #  include <stdlib.h>
| # endif
| #endif
| #ifdef HAVE_STRING_H
| # if !defined STDC_HEADERS && defined HAVE_MEMORY_H
| #  include <memory.h>
| # endif
| # include <string.h>
| #endif
| #ifdef HAVE_STRINGS_H
| # include <strings.h>
| #endif
| #ifdef HAVE_INTTYPES_H
| # include <inttypes.h>
| #endif
| #ifdef HAVE_STDINT_H
| # include <stdint.h>
| #endif
| #ifdef HAVE_UNISTD_H
| # include <unistd.h>
| #endif
| int
| main ()
| {
| if (sizeof ((uint16_t)))
| 	  return 0;
|   ;
|   return 0;
| }
configure:11675: result: yes
configure:11685: checking for uint32_t
configure:11713: /home/yufei/workspace/Lamobo/d1_anyka/branches/beijing/compiler/arm-2009q3/bin/arm-none-linux-gnueabi-gcc -c -I/home/yufei/workspace/Lamobo/d1_anyka/branches/beijing/compiler/arm-2009q3/arm-none-linux-gnueabi/libc/usr/include -I/home/yufei/workspace/Lamobo/d1_anyka/branches/beijing/src/popobox/install/include  conftest.c >&5
configure:11720: $? = 0
configure:11747: /home/yufei/workspace/Lamobo/d1_anyka/branches/beijing/compiler/arm-2009q3/bin/arm-none-linux-gnueabi-gcc -c -I/home/yufei/workspace/Lamobo/d1_anyka/branches/beijing/compiler/arm-2009q3/arm-none-linux-gnueabi/libc/usr/include -I/home/yufei/workspace/Lamobo/d1_anyka/branches/beijing/src/popobox/install/include  conftest.c >&5
conftest.c: In function 'main':
conftest.c:64: error: expected expression before ')' token
configure:11754: $? = 1
configure: failed program was:
| /* confdefs.h.  */
| #define PACKAGE_NAME "sqlite"
| #define PACKAGE_TARNAME "sqlite"
| #define PACKAGE_VERSION "3.6.22"
| #define PACKAGE_STRING "sqlite 3.6.22"
| #define PACKAGE_BUGREPORT ""
| #define STDC_HEADERS 1
| #define HAVE_SYS_TYPES_H 1
| #define HAVE_SYS_STAT_H 1
| #define HAVE_STDLIB_H 1
| #define HAVE_STRING_H 1
| #define HAVE_MEMORY_H 1
| #define HAVE_STRINGS_H 1
| #define HAVE_INTTYPES_H 1
| #define HAVE_STDINT_H 1
| #define HAVE_UNISTD_H 1
| #define HAVE_DLFCN_H 1
| #define LT_OBJDIR ".libs/"
| #define _FILE_OFFSET_BITS 64
| #define HAVE_INT8_T 1
| #define HAVE_INT16_T 1
| #define HAVE_INT32_T 1
| #define HAVE_INT64_T 1
| #define HAVE_INTPTR_T 1
| #define HAVE_UINT8_T 1
| #define HAVE_UINT16_T 1
| /* end confdefs.h.  */
| #include <stdio.h>
| #ifdef HAVE_SYS_TYPES_H
| # include <sys/types.h>
| #endif
| #ifdef HAVE_SYS_STAT_H
| # include <sys/stat.h>
| #endif
| #ifdef STDC_HEADERS
| # include <stdlib.h>
| # include <stddef.h>
| #else
| # ifdef HAVE_STDLIB_H
| #  include <stdlib.h>
| # endif
| #endif
| #ifdef HAVE_STRING_H
| # if !defined STDC_HEADERS && defined HAVE_MEMORY_H
| #  include <memory.h>
| # endif
| # include <string.h>
| #endif
| #ifdef HAVE_STRINGS_H
| # include <strings.h>
| #endif
| #ifdef HAVE_INTTYPES_H
| # include <inttypes.h>
| #endif
| #ifdef HAVE_STDINT_H
| # include <stdint.h>
| #endif
| #ifdef HAVE_UNISTD_H
| # include <unistd.h>
| #endif
| int
| main ()
| {
| if (sizeof ((uint32_t)))
| 	  return 0;
|   ;
|   return 0;
| }
configure:11777: result: yes
configure:11787: checking for uint64_t
configure:11815: /home/yufei/workspace/Lamobo/d1_anyka/branches/beijing/compiler/arm-2009q3/bin/arm-none-linux-gnueabi-gcc -c -I/home/yufei/workspace/Lamobo/d1_anyka/branches/beijing/compiler/arm-2009q3/arm-none-linux-gnueabi/libc/usr/include -I/home/yufei/workspace/Lamobo/d1_anyka/branches/beijing/src/popobox/install/include  conftest.c >&5
configure:11822: $? = 0
configure:11849: /home/yufei/workspace/Lamobo/d1_anyka/branches/beijing/compiler/arm-2009q3/bin/arm-none-linux-gnueabi-gcc -c -I/home/yufei/workspace/Lamobo/d1_anyka/branches/beijing/compiler/arm-2009q3/arm-none-linux-gnueabi/libc/usr/include -I/home/yufei/workspace/Lamobo/d1_anyka/branches/beijing/src/popobox/install/include  conftest.c >&5
conftest.c: In function 'main':
conftest.c:65: error: expected expression before ')' token
configure:11856: $? = 1
configure: failed program was:
| /* confdefs.h.  */
| #define PACKAGE_NAME "sqlite"
| #define PACKAGE_TARNAME "sqlite"
| #define PACKAGE_VERSION "3.6.22"
| #define PACKAGE_STRING "sqlite 3.6.22"
| #define PACKAGE_BUGREPORT ""
| #define STDC_HEADERS 1
| #define HAVE_SYS_TYPES_H 1
| #define HAVE_SYS_STAT_H 1
| #define HAVE_STDLIB_H 1
| #define HAVE_STRING_H 1
| #define HAVE_MEMORY_H 1
| #define HAVE_STRINGS_H 1
| #define HAVE_INTTYPES_H 1
| #define HAVE_STDINT_H 1
| #define HAVE_UNISTD_H 1
| #define HAVE_DLFCN_H 1
| #define LT_OBJDIR ".libs/"
| #define _FILE_OFFSET_BITS 64
| #define HAVE_INT8_T 1
| #define HAVE_INT16_T 1
| #define HAVE_INT32_T 1
| #define HAVE_INT64_T 1
| #define HAVE_INTPTR_T 1
| #define HAVE_UINT8_T 1
| #define HAVE_UINT16_T 1
| #define HAVE_UINT32_T 1
| /* end confdefs.h.  */
| #include <stdio.h>
| #ifdef HAVE_SYS_TYPES_H
| # include <sys/types.h>
| #endif
| #ifdef HAVE_SYS_STAT_H
| # include <sys/stat.h>
| #endif
| #ifdef STDC_HEADERS
| # include <stdlib.h>
| # include <stddef.h>
| #else
| # ifdef HAVE_STDLIB_H
| #  include <stdlib.h>
| # endif
| #endif
| #ifdef HAVE_STRING_H
| # if !defined STDC_HEADERS && defined HAVE_MEMORY_H
| #  include <memory.h>
| # endif
| # include <string.h>
| #endif
| #ifdef HAVE_STRINGS_H
| # include <strings.h>
| #endif
| #ifdef HAVE_INTTYPES_H
| # include <inttypes.h>
| #endif
| #ifdef HAVE_STDINT_H
| # include <stdint.h>
| #endif
| #ifdef HAVE_UNISTD_H
| # include <unistd.h>
| #endif
| int
| main ()
| {
| if (sizeof ((uint64_t)))
| 	  return 0;
|   ;
|   return 0;
| }
configure:11879: result: yes
configure:11889: checking for uintptr_t
configure:11917: /home/yufei/workspace/Lamobo/d1_anyka/branches/beijing/compiler/arm-2009q3/bin/arm-none-linux-gnueabi-gcc -c -I/home/yufei/workspace/Lamobo/d1_anyka/branches/beijing/compiler/arm-2009q3/arm-none-linux-gnueabi/libc/usr/include -I/home/yufei/workspace/Lamobo/d1_anyka/branches/beijing/src/popobox/install/include  conftest.c >&5
configure:11924: $? = 0
configure:11951: /home/yufei/workspace/Lamobo/d1_anyka/branches/beijing/compiler/arm-2009q3/bin/arm-none-linux-gnueabi-gcc -c -I/home/yufei/workspace/Lamobo/d1_anyka/branches/beijing/compiler/arm-2009q3/arm-none-linux-gnueabi/libc/usr/include -I/home/yufei/workspace/Lamobo/d1_anyka/branches/beijing/src/popobox/install/include  conftest.c >&5
conftest.c: In function 'main':
conftest.c:66: error: expected expression before ')' token
configure:11958: $? = 1
configure: failed program was:
| /* confdefs.h.  */
| #define PACKAGE_NAME "sqlite"
| #define PACKAGE_TARNAME "sqlite"
| #define PACKAGE_VERSION "3.6.22"
| #define PACKAGE_STRING "sqlite 3.6.22"
| #define PACKAGE_BUGREPORT ""
| #define STDC_HEADERS 1
| #define HAVE_SYS_TYPES_H 1
| #define HAVE_SYS_STAT_H 1
| #define HAVE_STDLIB_H 1
| #define HAVE_STRING_H 1
| #define HAVE_MEMORY_H 1
| #define HAVE_STRINGS_H 1
| #define HAVE_INTTYPES_H 1
| #define HAVE_STDINT_H 1
| #define HAVE_UNISTD_H 1
| #define HAVE_DLFCN_H 1
| #define LT_OBJDIR ".libs/"
| #define _FILE_OFFSET_BITS 64
| #define HAVE_INT8_T 1
| #define HAVE_INT16_T 1
| #define HAVE_INT32_T 1
| #define HAVE_INT64_T 1
| #define HAVE_INTPTR_T 1
| #define HAVE_UINT8_T 1
| #define HAVE_UINT16_T 1
| #define HAVE_UINT32_T 1
| #define HAVE_UINT64_T 1
| /* end confdefs.h.  */
| #include <stdio.h>
| #ifdef HAVE_SYS_TYPES_H
| # include <sys/types.h>
| #endif
| #ifdef HAVE_SYS_STAT_H
| # include <sys/stat.h>
| #endif
| #ifdef STDC_HEADERS
| # include <stdlib.h>
| # include <stddef.h>
| #else
| # ifdef HAVE_STDLIB_H
| #  include <stdlib.h>
| # endif
| #endif
| #ifdef HAVE_STRING_H
| # if !defined STDC_HEADERS && defined HAVE_MEMORY_H
| #  include <memory.h>
| # endif
| # include <string.h>
| #endif
| #ifdef HAVE_STRINGS_H
| # include <strings.h>
| #endif
| #ifdef HAVE_INTTYPES_H
| # include <inttypes.h>
| #endif
| #ifdef HAVE_STDINT_H
| # include <stdint.h>
| #endif
| #ifdef HAVE_UNISTD_H
| # include <unistd.h>
| #endif
| int
| main ()
| {
| if (sizeof ((uintptr_t)))
| 	  return 0;
|   ;
|   return 0;
| }
configure:11981: result: yes
configure:12003: checking for sys/types.h
configure:12010: result: yes
configure:12003: checking for stdlib.h
configure:12010: result: yes
configure:12003: checking for stdint.h
configure:12010: result: yes
configure:12003: checking for inttypes.h
configure:12010: result: yes
configure:12155: checking for usleep
configure:12211: /home/yufei/workspace/Lamobo/d1_anyka/branches/beijing/compiler/arm-2009q3/bin/arm-none-linux-gnueabi-gcc -o conftest -I/home/yufei/workspace/Lamobo/d1_anyka/branches/beijing/compiler/arm-2009q3/arm-none-linux-gnueabi/libc/usr/include -I/home/yufei/workspace/Lamobo/d1_anyka/branches/beijing/src/popobox/install/include   conftest.c  >&5
configure:12218: $? = 0
configure:12240: result: yes
configure:12155: checking for fdatasync
configure:12211: /home/yufei/workspace/Lamobo/d1_anyka/branches/beijing/compiler/arm-2009q3/bin/arm-none-linux-gnueabi-gcc -o conftest -I/home/yufei/workspace/Lamobo/d1_anyka/branches/beijing/compiler/arm-2009q3/arm-none-linux-gnueabi/libc/usr/include -I/home/yufei/workspace/Lamobo/d1_anyka/branches/beijing/src/popobox/install/include   conftest.c  >&5
configure:12218: $? = 0
configure:12240: result: yes
configure:12155: checking for localtime_r
configure:12211: /home/yufei/workspace/Lamobo/d1_anyka/branches/beijing/compiler/arm-2009q3/bin/arm-none-linux-gnueabi-gcc -o conftest -I/home/yufei/workspace/Lamobo/d1_anyka/branches/beijing/compiler/arm-2009q3/arm-none-linux-gnueabi/libc/usr/include -I/home/yufei/workspace/Lamobo/d1_anyka/branches/beijing/src/popobox/install/include   conftest.c  >&5
configure:12218: $? = 0
configure:12240: result: yes
configure:12155: checking for gmtime_r
configure:12211: /home/yufei/workspace/Lamobo/d1_anyka/branches/beijing/compiler/arm-2009q3/bin/arm-none-linux-gnueabi-gcc -o conftest -I/home/yufei/workspace/Lamobo/d1_anyka/branches/beijing/compiler/arm-2009q3/arm-none-linux-gnueabi/libc/usr/include -I/home/yufei/workspace/Lamobo/d1_anyka/branches/beijing/src/popobox/install/include   conftest.c  >&5
configure:12218: $? = 0
configure:12240: result: yes
configure:12155: checking for localtime_s
configure:12211: /home/yufei/workspace/Lamobo/d1_anyka/branches/beijing/compiler/arm-2009q3/bin/arm-none-linux-gnueabi-gcc -o conftest -I/home/yufei/workspace/Lamobo/d1_anyka/branches/beijing/compiler/arm-2009q3/arm-none-linux-gnueabi/libc/usr/include -I/home/yufei/workspace/Lamobo/d1_anyka/branches/beijing/src/popobox/install/include   conftest.c  >&5
/tmp/ccw4uhep.o: In function `main':
conftest.c:(.text+0x8): undefined reference to `localtime_s'
collect2: ld returned 1 exit status
configure:12218: $? = 1
configure: failed program was:
| /* confdefs.h.  */
| #define PACKAGE_NAME "sqlite"
| #define PACKAGE_TARNAME "sqlite"
| #define PACKAGE_VERSION "3.6.22"
| #define PACKAGE_STRING "sqlite 3.6.22"
| #define PACKAGE_BUGREPORT ""
| #define STDC_HEADERS 1
| #define HAVE_SYS_TYPES_H 1
| #define HAVE_SYS_STAT_H 1
| #define HAVE_STDLIB_H 1
| #define HAVE_STRING_H 1
| #define HAVE_MEMORY_H 1
| #define HAVE_STRINGS_H 1
| #define HAVE_INTTYPES_H 1
| #define HAVE_STDINT_H 1
| #define HAVE_UNISTD_H 1
| #define HAVE_DLFCN_H 1
| #define LT_OBJDIR ".libs/"
| #define _FILE_OFFSET_BITS 64
| #define HAVE_INT8_T 1
| #define HAVE_INT16_T 1
| #define HAVE_INT32_T 1
| #define HAVE_INT64_T 1
| #define HAVE_INTPTR_T 1
| #define HAVE_UINT8_T 1
| #define HAVE_UINT16_T 1
| #define HAVE_UINT32_T 1
| #define HAVE_UINT64_T 1
| #define HAVE_UINTPTR_T 1
| #define HAVE_SYS_TYPES_H 1
| #define HAVE_STDLIB_H 1
| #define HAVE_STDINT_H 1
| #define HAVE_INTTYPES_H 1
| #define HAVE_USLEEP 1
| #define HAVE_FDATASYNC 1
| #define HAVE_LOCALTIME_R 1
| #define HAVE_GMTIME_R 1
| /* end confdefs.h.  */
| /* Define localtime_s to an innocuous variant, in case <limits.h> declares localtime_s.
|    For example, HP-UX 11i <limits.h> declares gettimeofday.  */
| #define localtime_s innocuous_localtime_s
| 
| /* System header to define __stub macros and hopefully few prototypes,
|     which can conflict with char localtime_s (); below.
|     Prefer <limits.h> to <assert.h> if __STDC__ is defined, since
|     <limits.h> exists even on freestanding compilers.  */
| 
| #ifdef __STDC__
| # include <limits.h>
| #else
| # include <assert.h>
| #endif
| 
| #undef localtime_s
| 
| /* Override any GCC internal prototype to avoid an error.
|    Use char because int might match the return type of a GCC
|    builtin and then its argument prototype would still apply.  */
| #ifdef __cplusplus
| extern "C"
| #endif
| char localtime_s ();
| /* The GNU C library defines this for functions which it implements
|     to always fail with ENOSYS.  Some functions are actually named
|     something starting with __ and the normal name is an alias.  */
| #if defined __stub_localtime_s || defined __stub___localtime_s
| choke me
| #endif
| 
| int
| main ()
| {
| return localtime_s ();
|   ;
|   return 0;
| }
configure:12240: result: no
configure:12266: checking for tclsh8.4
configure:12282: found /usr/bin/tclsh8.4
configure:12293: result: tclsh8.4
configure:12334: Version set to 3.6
configure:12338: Release set to 3.6.22
configure:12344: Version number set to 3006022
configure:12400: checking for gcc
configure:12416: found /usr/bin/gcc
configure:12427: result: gcc
configure:12455: checking whether to support threadsafe operation
configure:12463: result: yes
configure:12469: checking for library containing pthread_create
configure:12510: /home/yufei/workspace/Lamobo/d1_anyka/branches/beijing/compiler/arm-2009q3/bin/arm-none-linux-gnueabi-gcc -o conftest -I/home/yufei/workspace/Lamobo/d1_anyka/branches/beijing/compiler/arm-2009q3/arm-none-linux-gnueabi/libc/usr/include -I/home/yufei/workspace/Lamobo/d1_anyka/branches/beijing/src/popobox/install/include   conftest.c  >&5
/tmp/ccEPi3rl.o: In function `main':
conftest.c:(.text+0x8): undefined reference to `pthread_create'
collect2: ld returned 1 exit status
configure:12517: $? = 1
configure: failed program was:
| /* confdefs.h.  */
| #define PACKAGE_NAME "sqlite"
| #define PACKAGE_TARNAME "sqlite"
| #define PACKAGE_VERSION "3.6.22"
| #define PACKAGE_STRING "sqlite 3.6.22"
| #define PACKAGE_BUGREPORT ""
| #define STDC_HEADERS 1
| #define HAVE_SYS_TYPES_H 1
| #define HAVE_SYS_STAT_H 1
| #define HAVE_STDLIB_H 1
| #define HAVE_STRING_H 1
| #define HAVE_MEMORY_H 1
| #define HAVE_STRINGS_H 1
| #define HAVE_INTTYPES_H 1
| #define HAVE_STDINT_H 1
| #define HAVE_UNISTD_H 1
| #define HAVE_DLFCN_H 1
| #define LT_OBJDIR ".libs/"
| #define _FILE_OFFSET_BITS 64
| #define HAVE_INT8_T 1
| #define HAVE_INT16_T 1
| #define HAVE_INT32_T 1
| #define HAVE_INT64_T 1
| #define HAVE_INTPTR_T 1
| #define HAVE_UINT8_T 1
| #define HAVE_UINT16_T 1
| #define HAVE_UINT32_T 1
| #define HAVE_UINT64_T 1
| #define HAVE_UINTPTR_T 1
| #define HAVE_SYS_TYPES_H 1
| #define HAVE_STDLIB_H 1
| #define HAVE_STDINT_H 1
| #define HAVE_INTTYPES_H 1
| #define HAVE_USLEEP 1
| #define HAVE_FDATASYNC 1
| #define HAVE_LOCALTIME_R 1
| #define HAVE_GMTIME_R 1
| /* end confdefs.h.  */
| 
| /* Override any GCC internal prototype to avoid an error.
|    Use char because int might match the return type of a GCC
|    builtin and then its argument prototype would still apply.  */
| #ifdef __cplusplus
| extern "C"
| #endif
| char pthread_create ();
| int
| main ()
| {
| return pthread_create ();
|   ;
|   return 0;
| }
configure:12510: /home/yufei/workspace/Lamobo/d1_anyka/branches/beijing/compiler/arm-2009q3/bin/arm-none-linux-gnueabi-gcc -o conftest -I/home/yufei/workspace/Lamobo/d1_anyka/branches/beijing/compiler/arm-2009q3/arm-none-linux-gnueabi/libc/usr/include -I/home/yufei/workspace/Lamobo/d1_anyka/branches/beijing/src/popobox/install/include   conftest.c -lpthread   >&5
configure:12517: $? = 0
configure:12548: result: -lpthread
configure:12570: checking whether to allow connections to be shared across threads
configure:12574: result: no
configure:12596: checking whether threads can override each others locks
configure:12600: result: no
configure:12619: checking whether to support shared library linked as release mode or not
configure:12623: result: no
configure:12642: checking whether to use an in-ram database for temporary tables
configure:12652: result: no
configure:12679: checking if executables have the .exe suffix
configure:12686: result: unknown
configure:12690: checking host system type
configure:12705: result: arm-none-linux-gnueabi
configure:12976: checking for library containing tgetent
configure:13017: /home/yufei/workspace/Lamobo/d1_anyka/branches/beijing/compiler/arm-2009q3/bin/arm-none-linux-gnueabi-gcc -o conftest -I/home/yufei/workspace/Lamobo/d1_anyka/branches/beijing/compiler/arm-2009q3/arm-none-linux-gnueabi/libc/usr/include -I/home/yufei/workspace/Lamobo/d1_anyka/branches/beijing/src/popobox/install/include -DSQLITE_OS_UNIX=1   conftest.c  >&5
/tmp/ccuneJzB.o: In function `main':
conftest.c:(.text+0x8): undefined reference to `tgetent'
collect2: ld returned 1 exit status
configure:13024: $? = 1
configure: failed program was:
| /* confdefs.h.  */
| #define PACKAGE_NAME "sqlite"
| #define PACKAGE_TARNAME "sqlite"
| #define PACKAGE_VERSION "3.6.22"
| #define PACKAGE_STRING "sqlite 3.6.22"
| #define PACKAGE_BUGREPORT ""
| #define STDC_HEADERS 1
| #define HAVE_SYS_TYPES_H 1
| #define HAVE_SYS_STAT_H 1
| #define HAVE_STDLIB_H 1
| #define HAVE_STRING_H 1
| #define HAVE_MEMORY_H 1
| #define HAVE_STRINGS_H 1
| #define HAVE_INTTYPES_H 1
| #define HAVE_STDINT_H 1
| #define HAVE_UNISTD_H 1
| #define HAVE_DLFCN_H 1
| #define LT_OBJDIR ".libs/"
| #define _FILE_OFFSET_BITS 64
| #define HAVE_INT8_T 1
| #define HAVE_INT16_T 1
| #define HAVE_INT32_T 1
| #define HAVE_INT64_T 1
| #define HAVE_INTPTR_T 1
| #define HAVE_UINT8_T 1
| #define HAVE_UINT16_T 1
| #define HAVE_UINT32_T 1
| #define HAVE_UINT64_T 1
| #define HAVE_UINTPTR_T 1
| #define HAVE_SYS_TYPES_H 1
| #define HAVE_STDLIB_H 1
| #define HAVE_STDINT_H 1
| #define HAVE_INTTYPES_H 1
| #define HAVE_USLEEP 1
| #define HAVE_FDATASYNC 1
| #define HAVE_LOCALTIME_R 1
| #define HAVE_GMTIME_R 1
| /* end confdefs.h.  */
| 
| /* Override any GCC internal prototype to avoid an error.
|    Use char because int might match the return type of a GCC
|    builtin and then its argument prototype would still apply.  */
| #ifdef __cplusplus
| extern "C"
| #endif
| char tgetent ();
| int
| main ()
| {
| return tgetent ();
|   ;
|   return 0;
| }
configure:13017: /home/yufei/workspace/Lamobo/d1_anyka/branches/beijing/compiler/arm-2009q3/bin/arm-none-linux-gnueabi-gcc -o conftest -I/home/yufei/workspace/Lamobo/d1_anyka/branches/beijing/compiler/arm-2009q3/arm-none-linux-gnueabi/libc/usr/include -I/home/yufei/workspace/Lamobo/d1_anyka/branches/beijing/src/popobox/install/include -DSQLITE_OS_UNIX=1   conftest.c -lreadline   >&5
/home/yufei/workspace/Lamobo/d1_anyka/branches/beijing/compiler/arm-2009q3/bin/../lib/gcc/arm-none-linux-gnueabi/4.4.1/../../../../arm-none-linux-gnueabi/bin/ld: cannot find -lreadline
collect2: ld returned 1 exit status
configure:13024: $? = 1
configure: failed program was:
| /* confdefs.h.  */
| #define PACKAGE_NAME "sqlite"
| #define PACKAGE_TARNAME "sqlite"
| #define PACKAGE_VERSION "3.6.22"
| #define PACKAGE_STRING "sqlite 3.6.22"
| #define PACKAGE_BUGREPORT ""
| #define STDC_HEADERS 1
| #define HAVE_SYS_TYPES_H 1
| #define HAVE_SYS_STAT_H 1
| #define HAVE_STDLIB_H 1
| #define HAVE_STRING_H 1
| #define HAVE_MEMORY_H 1
| #define HAVE_STRINGS_H 1
| #define HAVE_INTTYPES_H 1
| #define HAVE_STDINT_H 1
| #define HAVE_UNISTD_H 1
| #define HAVE_DLFCN_H 1
| #define LT_OBJDIR ".libs/"
| #define _FILE_OFFSET_BITS 64
| #define HAVE_INT8_T 1
| #define HAVE_INT16_T 1
| #define HAVE_INT32_T 1
| #define HAVE_INT64_T 1
| #define HAVE_INTPTR_T 1
| #define HAVE_UINT8_T 1
| #define HAVE_UINT16_T 1
| #define HAVE_UINT32_T 1
| #define HAVE_UINT64_T 1
| #define HAVE_UINTPTR_T 1
| #define HAVE_SYS_TYPES_H 1
| #define HAVE_STDLIB_H 1
| #define HAVE_STDINT_H 1
| #define HAVE_INTTYPES_H 1
| #define HAVE_USLEEP 1
| #define HAVE_FDATASYNC 1
| #define HAVE_LOCALTIME_R 1
| #define HAVE_GMTIME_R 1
| /* end confdefs.h.  */
| 
| /* Override any GCC internal prototype to avoid an error.
|    Use char because int might match the return type of a GCC
|    builtin and then its argument prototype would still apply.  */
| #ifdef __cplusplus
| extern "C"
| #endif
| char tgetent ();
| int
| main ()
| {
| return tgetent ();
|   ;
|   return 0;
| }
configure:13017: /home/yufei/workspace/Lamobo/d1_anyka/branches/beijing/compiler/arm-2009q3/bin/arm-none-linux-gnueabi-gcc -o conftest -I/home/yufei/workspace/Lamobo/d1_anyka/branches/beijing/compiler/arm-2009q3/arm-none-linux-gnueabi/libc/usr/include -I/home/yufei/workspace/Lamobo/d1_anyka/branches/beijing/src/popobox/install/include -DSQLITE_OS_UNIX=1   conftest.c -lncurses   >&5
/home/yufei/workspace/Lamobo/d1_anyka/branches/beijing/compiler/arm-2009q3/bin/../lib/gcc/arm-none-linux-gnueabi/4.4.1/../../../../arm-none-linux-gnueabi/bin/ld: cannot find -lncurses
collect2: ld returned 1 exit status
configure:13024: $? = 1
configure: failed program was:
| /* confdefs.h.  */
| #define PACKAGE_NAME "sqlite"
| #define PACKAGE_TARNAME "sqlite"
| #define PACKAGE_VERSION "3.6.22"
| #define PACKAGE_STRING "sqlite 3.6.22"
| #define PACKAGE_BUGREPORT ""
| #define STDC_HEADERS 1
| #define HAVE_SYS_TYPES_H 1
| #define HAVE_SYS_STAT_H 1
| #define HAVE_STDLIB_H 1
| #define HAVE_STRING_H 1
| #define HAVE_MEMORY_H 1
| #define HAVE_STRINGS_H 1
| #define HAVE_INTTYPES_H 1
| #define HAVE_STDINT_H 1
| #define HAVE_UNISTD_H 1
| #define HAVE_DLFCN_H 1
| #define LT_OBJDIR ".libs/"
| #define _FILE_OFFSET_BITS 64
| #define HAVE_INT8_T 1
| #define HAVE_INT16_T 1
| #define HAVE_INT32_T 1
| #define HAVE_INT64_T 1
| #define HAVE_INTPTR_T 1
| #define HAVE_UINT8_T 1
| #define HAVE_UINT16_T 1
| #define HAVE_UINT32_T 1
| #define HAVE_UINT64_T 1
| #define HAVE_UINTPTR_T 1
| #define HAVE_SYS_TYPES_H 1
| #define HAVE_STDLIB_H 1
| #define HAVE_STDINT_H 1
| #define HAVE_INTTYPES_H 1
| #define HAVE_USLEEP 1
| #define HAVE_FDATASYNC 1
| #define HAVE_LOCALTIME_R 1
| #define HAVE_GMTIME_R 1
| /* end confdefs.h.  */
| 
| /* Override any GCC internal prototype to avoid an error.
|    Use char because int might match the return type of a GCC
|    builtin and then its argument prototype would still apply.  */
| #ifdef __cplusplus
| extern "C"
| #endif
| char tgetent ();
| int
| main ()
| {
| return tgetent ();
|   ;
|   return 0;
| }
configure:13017: /home/yufei/workspace/Lamobo/d1_anyka/branches/beijing/compiler/arm-2009q3/bin/arm-none-linux-gnueabi-gcc -o conftest -I/home/yufei/workspace/Lamobo/d1_anyka/branches/beijing/compiler/arm-2009q3/arm-none-linux-gnueabi/libc/usr/include -I/home/yufei/workspace/Lamobo/d1_anyka/branches/beijing/src/popobox/install/include -DSQLITE_OS_UNIX=1   conftest.c -lcurses   >&5
/home/yufei/workspace/Lamobo/d1_anyka/branches/beijing/compiler/arm-2009q3/bin/../lib/gcc/arm-none-linux-gnueabi/4.4.1/../../../../arm-none-linux-gnueabi/bin/ld: cannot find -lcurses
collect2: ld returned 1 exit status
configure:13024: $? = 1
configure: failed program was:
| /* confdefs.h.  */
| #define PACKAGE_NAME "sqlite"
| #define PACKAGE_TARNAME "sqlite"
| #define PACKAGE_VERSION "3.6.22"
| #define PACKAGE_STRING "sqlite 3.6.22"
| #define PACKAGE_BUGREPORT ""
| #define STDC_HEADERS 1
| #define HAVE_SYS_TYPES_H 1
| #define HAVE_SYS_STAT_H 1
| #define HAVE_STDLIB_H 1
| #define HAVE_STRING_H 1
| #define HAVE_MEMORY_H 1
| #define HAVE_STRINGS_H 1
| #define HAVE_INTTYPES_H 1
| #define HAVE_STDINT_H 1
| #define HAVE_UNISTD_H 1
| #define HAVE_DLFCN_H 1
| #define LT_OBJDIR ".libs/"
| #define _FILE_OFFSET_BITS 64
| #define HAVE_INT8_T 1
| #define HAVE_INT16_T 1
| #define HAVE_INT32_T 1
| #define HAVE_INT64_T 1
| #define HAVE_INTPTR_T 1
| #define HAVE_UINT8_T 1
| #define HAVE_UINT16_T 1
| #define HAVE_UINT32_T 1
| #define HAVE_UINT64_T 1
| #define HAVE_UINTPTR_T 1
| #define HAVE_SYS_TYPES_H 1
| #define HAVE_STDLIB_H 1
| #define HAVE_STDINT_H 1
| #define HAVE_INTTYPES_H 1
| #define HAVE_USLEEP 1
| #define HAVE_FDATASYNC 1
| #define HAVE_LOCALTIME_R 1
| #define HAVE_GMTIME_R 1
| /* end confdefs.h.  */
| 
| /* Override any GCC internal prototype to avoid an error.
|    Use char because int might match the return type of a GCC
|    builtin and then its argument prototype would still apply.  */
| #ifdef __cplusplus
| extern "C"
| #endif
| char tgetent ();
| int
| main ()
| {
| return tgetent ();
|   ;
|   return 0;
| }
configure:13017: /home/yufei/workspace/Lamobo/d1_anyka/branches/beijing/compiler/arm-2009q3/bin/arm-none-linux-gnueabi-gcc -o conftest -I/home/yufei/workspace/Lamobo/d1_anyka/branches/beijing/compiler/arm-2009q3/arm-none-linux-gnueabi/libc/usr/include -I/home/yufei/workspace/Lamobo/d1_anyka/branches/beijing/src/popobox/install/include -DSQLITE_OS_UNIX=1   conftest.c -ltermcap   >&5
/home/yufei/workspace/Lamobo/d1_anyka/branches/beijing/compiler/arm-2009q3/bin/../lib/gcc/arm-none-linux-gnueabi/4.4.1/../../../../arm-none-linux-gnueabi/bin/ld: cannot find -ltermcap
collect2: ld returned 1 exit status
configure:13024: $? = 1
configure: failed program was:
| /* confdefs.h.  */
| #define PACKAGE_NAME "sqlite"
| #define PACKAGE_TARNAME "sqlite"
| #define PACKAGE_VERSION "3.6.22"
| #define PACKAGE_STRING "sqlite 3.6.22"
| #define PACKAGE_BUGREPORT ""
| #define STDC_HEADERS 1
| #define HAVE_SYS_TYPES_H 1
| #define HAVE_SYS_STAT_H 1
| #define HAVE_STDLIB_H 1
| #define HAVE_STRING_H 1
| #define HAVE_MEMORY_H 1
| #define HAVE_STRINGS_H 1
| #define HAVE_INTTYPES_H 1
| #define HAVE_STDINT_H 1
| #define HAVE_UNISTD_H 1
| #define HAVE_DLFCN_H 1
| #define LT_OBJDIR ".libs/"
| #define _FILE_OFFSET_BITS 64
| #define HAVE_INT8_T 1
| #define HAVE_INT16_T 1
| #define HAVE_INT32_T 1
| #define HAVE_INT64_T 1
| #define HAVE_INTPTR_T 1
| #define HAVE_UINT8_T 1
| #define HAVE_UINT16_T 1
| #define HAVE_UINT32_T 1
| #define HAVE_UINT64_T 1
| #define HAVE_UINTPTR_T 1
| #define HAVE_SYS_TYPES_H 1
| #define HAVE_STDLIB_H 1
| #define HAVE_STDINT_H 1
| #define HAVE_INTTYPES_H 1
| #define HAVE_USLEEP 1
| #define HAVE_FDATASYNC 1
| #define HAVE_LOCALTIME_R 1
| #define HAVE_GMTIME_R 1
| /* end confdefs.h.  */
| 
| /* Override any GCC internal prototype to avoid an error.
|    Use char because int might match the return type of a GCC
|    builtin and then its argument prototype would still apply.  */
| #ifdef __cplusplus
| extern "C"
| #endif
| char tgetent ();
| int
| main ()
| {
| return tgetent ();
|   ;
|   return 0;
| }
configure:13055: result: no
configure:13065: checking for readline in -lreadline
configure:13100: /home/yufei/workspace/Lamobo/d1_anyka/branches/beijing/compiler/arm-2009q3/bin/arm-none-linux-gnueabi-gcc -o conftest -I/home/yufei/workspace/Lamobo/d1_anyka/branches/beijing/compiler/arm-2009q3/arm-none-linux-gnueabi/libc/usr/include -I/home/yufei/workspace/Lamobo/d1_anyka/branches/beijing/src/popobox/install/include -DSQLITE_OS_UNIX=1   conftest.c -lreadline   >&5
/home/yufei/workspace/Lamobo/d1_anyka/branches/beijing/compiler/arm-2009q3/bin/../lib/gcc/arm-none-linux-gnueabi/4.4.1/../../../../arm-none-linux-gnueabi/bin/ld: cannot find -lreadline
collect2: ld returned 1 exit status
configure:13107: $? = 1
configure: failed program was:
| /* confdefs.h.  */
| #define PACKAGE_NAME "sqlite"
| #define PACKAGE_TARNAME "sqlite"
| #define PACKAGE_VERSION "3.6.22"
| #define PACKAGE_STRING "sqlite 3.6.22"
| #define PACKAGE_BUGREPORT ""
| #define STDC_HEADERS 1
| #define HAVE_SYS_TYPES_H 1
| #define HAVE_SYS_STAT_H 1
| #define HAVE_STDLIB_H 1
| #define HAVE_STRING_H 1
| #define HAVE_MEMORY_H 1
| #define HAVE_STRINGS_H 1
| #define HAVE_INTTYPES_H 1
| #define HAVE_STDINT_H 1
| #define HAVE_UNISTD_H 1
| #define HAVE_DLFCN_H 1
| #define LT_OBJDIR ".libs/"
| #define _FILE_OFFSET_BITS 64
| #define HAVE_INT8_T 1
| #define HAVE_INT16_T 1
| #define HAVE_INT32_T 1
| #define HAVE_INT64_T 1
| #define HAVE_INTPTR_T 1
| #define HAVE_UINT8_T 1
| #define HAVE_UINT16_T 1
| #define HAVE_UINT32_T 1
| #define HAVE_UINT64_T 1
| #define HAVE_UINTPTR_T 1
| #define HAVE_SYS_TYPES_H 1
| #define HAVE_STDLIB_H 1
| #define HAVE_STDINT_H 1
| #define HAVE_INTTYPES_H 1
| #define HAVE_USLEEP 1
| #define HAVE_FDATASYNC 1
| #define HAVE_LOCALTIME_R 1
| #define HAVE_GMTIME_R 1
| /* end confdefs.h.  */
| 
| /* Override any GCC internal prototype to avoid an error.
|    Use char because int might match the return type of a GCC
|    builtin and then its argument prototype would still apply.  */
| #ifdef __cplusplus
| extern "C"
| #endif
| char readline ();
| int
| main ()
| {
| return readline ();
|   ;
|   return 0;
| }
configure:13128: result: no
configure:13161: checking readline.h usability
configure:13178: /home/yufei/workspace/Lamobo/d1_anyka/branches/beijing/compiler/arm-2009q3/bin/arm-none-linux-gnueabi-gcc -c -I/home/yufei/workspace/Lamobo/d1_anyka/branches/beijing/compiler/arm-2009q3/arm-none-linux-gnueabi/libc/usr/include -I/home/yufei/workspace/Lamobo/d1_anyka/branches/beijing/src/popobox/install/include -DSQLITE_OS_UNIX=1  conftest.c >&5
conftest.c:72: fatal error: readline.h: No such file or directory
compilation terminated.
configure:13185: $? = 1
configure: failed program was:
| /* confdefs.h.  */
| #define PACKAGE_NAME "sqlite"
| #define PACKAGE_TARNAME "sqlite"
| #define PACKAGE_VERSION "3.6.22"
| #define PACKAGE_STRING "sqlite 3.6.22"
| #define PACKAGE_BUGREPORT ""
| #define STDC_HEADERS 1
| #define HAVE_SYS_TYPES_H 1
| #define HAVE_SYS_STAT_H 1
| #define HAVE_STDLIB_H 1
| #define HAVE_STRING_H 1
| #define HAVE_MEMORY_H 1
| #define HAVE_STRINGS_H 1
| #define HAVE_INTTYPES_H 1
| #define HAVE_STDINT_H 1
| #define HAVE_UNISTD_H 1
| #define HAVE_DLFCN_H 1
| #define LT_OBJDIR ".libs/"
| #define _FILE_OFFSET_BITS 64
| #define HAVE_INT8_T 1
| #define HAVE_INT16_T 1
| #define HAVE_INT32_T 1
| #define HAVE_INT64_T 1
| #define HAVE_INTPTR_T 1
| #define HAVE_UINT8_T 1
| #define HAVE_UINT16_T 1
| #define HAVE_UINT32_T 1
| #define HAVE_UINT64_T 1
| #define HAVE_UINTPTR_T 1
| #define HAVE_SYS_TYPES_H 1
| #define HAVE_STDLIB_H 1
| #define HAVE_STDINT_H 1
| #define HAVE_INTTYPES_H 1
| #define HAVE_USLEEP 1
| #define HAVE_FDATASYNC 1
| #define HAVE_LOCALTIME_R 1
| #define HAVE_GMTIME_R 1
| /* end confdefs.h.  */
| #include <stdio.h>
| #ifdef HAVE_SYS_TYPES_H
| # include <sys/types.h>
| #endif
| #ifdef HAVE_SYS_STAT_H
| # include <sys/stat.h>
| #endif
| #ifdef STDC_HEADERS
| # include <stdlib.h>
| # include <stddef.h>
| #else
| # ifdef HAVE_STDLIB_H
| #  include <stdlib.h>
| # endif
| #endif
| #ifdef HAVE_STRING_H
| # if !defined STDC_HEADERS && defined HAVE_MEMORY_H
| #  include <memory.h>
| # endif
| # include <string.h>
| #endif
| #ifdef HAVE_STRINGS_H
| # include <strings.h>
| #endif
| #ifdef HAVE_INTTYPES_H
| # include <inttypes.h>
| #endif
| #ifdef HAVE_STDINT_H
| # include <stdint.h>
| #endif
| #ifdef HAVE_UNISTD_H
| # include <unistd.h>
| #endif
| #include <readline.h>
configure:13199: result: no
configure:13203: checking readline.h presence
configure:13218: /home/yufei/workspace/Lamobo/d1_anyka/branches/beijing/compiler/arm-2009q3/bin/arm-none-linux-gnueabi-gcc -E  conftest.c
conftest.c:39: fatal error: readline.h: No such file or directory
compilation terminated.
configure:13225: $? = 1
configure: failed program was:
| /* confdefs.h.  */
| #define PACKAGE_NAME "sqlite"
| #define PACKAGE_TARNAME "sqlite"
| #define PACKAGE_VERSION "3.6.22"
| #define PACKAGE_STRING "sqlite 3.6.22"
| #define PACKAGE_BUGREPORT ""
| #define STDC_HEADERS 1
| #define HAVE_SYS_TYPES_H 1
| #define HAVE_SYS_STAT_H 1
| #define HAVE_STDLIB_H 1
| #define HAVE_STRING_H 1
| #define HAVE_MEMORY_H 1
| #define HAVE_STRINGS_H 1
| #define HAVE_INTTYPES_H 1
| #define HAVE_STDINT_H 1
| #define HAVE_UNISTD_H 1
| #define HAVE_DLFCN_H 1
| #define LT_OBJDIR ".libs/"
| #define _FILE_OFFSET_BITS 64
| #define HAVE_INT8_T 1
| #define HAVE_INT16_T 1
| #define HAVE_INT32_T 1
| #define HAVE_INT64_T 1
| #define HAVE_INTPTR_T 1
| #define HAVE_UINT8_T 1
| #define HAVE_UINT16_T 1
| #define HAVE_UINT32_T 1
| #define HAVE_UINT64_T 1
| #define HAVE_UINTPTR_T 1
| #define HAVE_SYS_TYPES_H 1
| #define HAVE_STDLIB_H 1
| #define HAVE_STDINT_H 1
| #define HAVE_INTTYPES_H 1
| #define HAVE_USLEEP 1
| #define HAVE_FDATASYNC 1
| #define HAVE_LOCALTIME_R 1
| #define HAVE_GMTIME_R 1
| /* end confdefs.h.  */
| #include <readline.h>
configure:13239: result: no
configure:13267: checking for readline.h
configure:13274: result: no
configure:13344: checking for library containing fdatasync
configure:13385: /home/yufei/workspace/Lamobo/d1_anyka/branches/beijing/compiler/arm-2009q3/bin/arm-none-linux-gnueabi-gcc -o conftest -I/home/yufei/workspace/Lamobo/d1_anyka/branches/beijing/compiler/arm-2009q3/arm-none-linux-gnueabi/libc/usr/include -I/home/yufei/workspace/Lamobo/d1_anyka/branches/beijing/src/popobox/install/include -DSQLITE_OS_UNIX=1   conftest.c -lpthread  >&5
configure:13392: $? = 0
configure:13423: result: none required
configure:13658: creating ./config.status

## ---------------------- ##
## Running config.status. ##
## ---------------------- ##

This file was extended by sqlite config.status 3.6.22, which was
generated by GNU Autoconf 2.62.  Invocation command line was

  CONFIG_FILES    = 
  CONFIG_HEADERS  = 
  CONFIG_LINKS    = 
  CONFIG_COMMANDS = 
  $ ./config.status 

on yufei-OptiPlex-360

config.status:1006: creating Makefile
config.status:1006: creating sqlite3.pc
config.status:1006: creating config.h
config.status:1222: config.h is unchanged
config.status:1240: executing libtool commands

## ---------------- ##
## Cache variables. ##
## ---------------- ##

ac_cv_build=x86_64-unknown-linux-gnu
ac_cv_c_compiler_gnu=yes
ac_cv_env_CC_set=set
ac_cv_env_CC_value=/home/yufei/workspace/Lamobo/d1_anyka/branches/beijing/compiler/arm-2009q3/bin/arm-none-linux-gnueabi-gcc
ac_cv_env_CFLAGS_set=set
ac_cv_env_CFLAGS_value='-I/home/yufei/workspace/Lamobo/d1_anyka/branches/beijing/compiler/arm-2009q3/arm-none-linux-gnueabi/libc/usr/include -I/home/yufei/workspace/Lamobo/d1_anyka/branches/beijing/src/popobox/install/include'
ac_cv_env_CPPFLAGS_set=
ac_cv_env_CPPFLAGS_value=
ac_cv_env_CPP_set=
ac_cv_env_CPP_value=
ac_cv_env_LDFLAGS_set=
ac_cv_env_LDFLAGS_value=
ac_cv_env_LIBS_set=
ac_cv_env_LIBS_value=
ac_cv_env_TCLLIBDIR_set=
ac_cv_env_TCLLIBDIR_value=
ac_cv_env_build_alias_set=
ac_cv_env_build_alias_value=
ac_cv_env_host_alias_set=set
ac_cv_env_host_alias_value=arm-none-linux-gnueabi
ac_cv_env_target_alias_set=
ac_cv_env_target_alias_value=
ac_cv_func_fdatasync=yes
ac_cv_func_gmtime_r=yes
ac_cv_func_localtime_r=yes
ac_cv_func_localtime_s=no
ac_cv_func_usleep=yes
ac_cv_header_dlfcn_h=yes
ac_cv_header_inttypes_h=yes
ac_cv_header_memory_h=yes
ac_cv_header_readline_h=no
ac_cv_header_stdc=yes
ac_cv_header_stdint_h=yes
ac_cv_header_stdlib_h=yes
ac_cv_header_string_h=yes
ac_cv_header_strings_h=yes
ac_cv_header_sys_stat_h=yes
ac_cv_header_sys_types_h=yes
ac_cv_header_unistd_h=yes
ac_cv_host=arm-none-linux-gnueabi
ac_cv_lib_readline_readline=no
ac_cv_objext=o
ac_cv_path_EGREP='/bin/grep -E'
ac_cv_path_FGREP='/bin/grep -F'
ac_cv_path_GREP=/bin/grep
ac_cv_path_SED=/bin/sed
ac_cv_path_install='/usr/bin/install -c'
ac_cv_prog_AR=/home/yufei/workspace/Lamobo/d1_anyka/branches/beijing/compiler/arm-2009q3/bin/arm-none-linux-gnueabi-ar
ac_cv_prog_AWK=mawk
ac_cv_prog_BUILD_CC=gcc
ac_cv_prog_CC=/home/yufei/workspace/Lamobo/d1_anyka/branches/beijing/compiler/arm-2009q3/bin/arm-none-linux-gnueabi-gcc
ac_cv_prog_CPP='/home/yufei/workspace/Lamobo/d1_anyka/branches/beijing/compiler/arm-2009q3/bin/arm-none-linux-gnueabi-gcc -E'
ac_cv_prog_RANLIB=/home/yufei/workspace/Lamobo/d1_anyka/branches/beijing/compiler/arm-2009q3/bin/arm-none-linux-gnueabi-ranlib
ac_cv_prog_TCLSH_CMD=tclsh8.4
ac_cv_prog_ac_ct_DUMPBIN='link -dump -symbols'
ac_cv_prog_ac_ct_OBJDUMP=objdump
ac_cv_prog_ac_ct_STRIP=strip
ac_cv_prog_cc_c89=
ac_cv_prog_cc_g=yes
ac_cv_search_fdatasync='none required'
ac_cv_search_pthread_create=-lpthread
ac_cv_search_tgetent=no
ac_cv_sys_file_offset_bits=64
ac_cv_sys_largefile_CC=no
ac_cv_type_int16_t=yes
ac_cv_type_int32_t=yes
ac_cv_type_int64_t=yes
ac_cv_type_int8_t=yes
ac_cv_type_intptr_t=yes
ac_cv_type_uint16_t=yes
ac_cv_type_uint32_t=yes
ac_cv_type_uint64_t=yes
ac_cv_type_uint8_t=yes
ac_cv_type_uintptr_t=yes
lt_cv_deplibs_check_method=pass_all
lt_cv_file_magic_cmd='$MAGIC_CMD'
lt_cv_file_magic_test_file=
lt_cv_ld_reload_flag=-r
lt_cv_nm_interface='BSD nm'
lt_cv_objdir=.libs
lt_cv_path_LD=/home/yufei/workspace/Lamobo/d1_anyka/branches/beijing/compiler/arm-2009q3/arm-none-linux-gnueabi/bin/ld
lt_cv_path_NM=no
lt_cv_prog_compiler_c_o=yes
lt_cv_prog_compiler_pic_works=yes
lt_cv_prog_compiler_rtti_exceptions=no
lt_cv_prog_compiler_static_works=yes
lt_cv_prog_gnu_ld=yes
lt_cv_sys_global_symbol_pipe=
lt_cv_sys_global_symbol_to_c_name_address='sed -n -e '\''s/^: \([^ ]*\) $/  {\"\1\", (void *) 0},/p'\'' -e '\''s/^[BCDEGRST]* \([^ ]*\) \([^ ]*\)$/  {"\2", (void *) \&\2},/p'\'''
lt_cv_sys_global_symbol_to_c_name_address_lib_prefix='sed -n -e '\''s/^: \([^ ]*\) $/  {\"\1\", (void *) 0},/p'\'' -e '\''s/^[BCDEGRST]* \([^ ]*\) \(lib[^ ]*\)$/  {"\2", (void *) \&\2},/p'\'' -e '\''s/^[BCDEGRST]* \([^ ]*\) \([^ ]*\)$/  {"lib\2", (void *) \&\2},/p'\'''
lt_cv_sys_global_symbol_to_cdecl=
lt_cv_sys_max_cmd_len=1572864

## ----------------- ##
## Output variables. ##
## ----------------- ##

ALLOWRELEASE=''
AR='/home/yufei/workspace/Lamobo/d1_anyka/branches/beijing/compiler/arm-2009q3/bin/arm-none-linux-gnueabi-ar'
AWK='mawk'
BUILD_CC='gcc'
BUILD_CFLAGS=' -g'
BUILD_EXEEXT=''
CC='/home/yufei/workspace/Lamobo/d1_anyka/branches/beijing/compiler/arm-2009q3/bin/arm-none-linux-gnueabi-gcc'
CFLAGS=' -I/home/yufei/workspace/Lamobo/d1_anyka/branches/beijing/compiler/arm-2009q3/arm-none-linux-gnueabi/libc/usr/include -I/home/yufei/workspace/Lamobo/d1_anyka/branches/beijing/src/popobox/install/include -DSQLITE_OS_UNIX=1'
CPP='/home/yufei/workspace/Lamobo/d1_anyka/branches/beijing/compiler/arm-2009q3/bin/arm-none-linux-gnueabi-gcc -E'
CPPFLAGS=''
DEFS='-DHAVE_CONFIG_H'
DSYMUTIL=''
DUMPBIN='link -dump -symbols'
ECHO_C=''
ECHO_N='-n'
ECHO_T=''
EGREP='/bin/grep -E'
EXEEXT=''
FGREP='/bin/grep -F'
GREP='/bin/grep'
HAVE_TCL=''
INSTALL_DATA='${INSTALL} -m 644'
INSTALL_PROGRAM='${INSTALL}'
INSTALL_SCRIPT='${INSTALL}'
LD='/home/yufei/workspace/Lamobo/d1_anyka/branches/beijing/compiler/arm-2009q3/arm-none-linux-gnueabi/bin/ld'
LDFLAGS=''
LIBOBJS=''
LIBS='-lpthread '
LIBTOOL='$(SHELL) $(top_builddir)/libtool'
LIPO=''
LN_S='ln -s'
LTLIBOBJS=''
NM='link -dump -symbols'
NMEDIT=''
OBJDUMP='objdump'
OBJEXT='o'
OPT_FEATURE_FLAGS='-DSQLITE_OMIT_LOAD_EXTENSION=1'
OTOOL64=''
OTOOL=''
PACKAGE_BUGREPORT=''
PACKAGE_NAME='sqlite'
PACKAGE_STRING='sqlite 3.6.22'
PACKAGE_TARNAME='sqlite'
PACKAGE_VERSION='3.6.22'
PATH_SEPARATOR=':'
RANLIB='/home/yufei/workspace/Lamobo/d1_anyka/branches/beijing/compiler/arm-2009q3/bin/arm-none-linux-gnueabi-ranlib'
RELEASE='3.6.22'
SED='/bin/sed'
SHELL='/bin/bash'
SQLITE_OS_OS2='0'
SQLITE_OS_UNIX='1'
SQLITE_OS_WIN='0'
SQLITE_THREADSAFE='1'
STRIP='strip'
TARGET_DEBUG='-DNDEBUG'
TARGET_EXEEXT=''
TARGET_HAVE_READLINE='0'
TARGET_READLINE_INC=''
TARGET_READLINE_LIBS=''
TCLLIBDIR='/usr/share/tcltk/tcl8.4/sqlite3'
TCLSH_CMD='tclsh8.4'
TCL_BIN_DIR=''
TCL_INCLUDE_SPEC=''
TCL_LIBS=''
TCL_LIB_FILE=''
TCL_LIB_FLAG=''
TCL_LIB_SPEC=''
TCL_SRC_DIR=''
TCL_STUB_LIB_FILE=''
TCL_STUB_LIB_FLAG=''
TCL_STUB_LIB_SPEC=''
TCL_VERSION=''
TEMP_STORE='1'
THREADSOVERRIDELOCKS='-1'
USE_AMALGAMATION='1'
USE_GCOV='0'
VERSION='3.6'
VERSION_NUMBER='3006022'
XTHREADCONNECT=''
ac_ct_CC=''
ac_ct_DUMPBIN='link -dump -symbols'
bindir='${exec_prefix}/bin'
build='x86_64-unknown-linux-gnu'
build_alias=''
build_cpu='x86_64'
build_os='linux-gnu'
build_vendor='unknown'
datadir='${datarootdir}'
datarootdir='${prefix}/share'
docdir='${datarootdir}/doc/${PACKAGE_TARNAME}'
dvidir='${docdir}'
exec_prefix='${prefix}'
host='arm-none-linux-gnueabi'
host_alias='arm-none-linux-gnueabi'
host_cpu='arm'
host_os='linux-gnueabi'
host_vendor='none'
htmldir='${docdir}'
includedir='${prefix}/include'
infodir='${datarootdir}/info'
libdir='${exec_prefix}/lib'
libexecdir='${exec_prefix}/libexec'
localedir='${datarootdir}/locale'
localstatedir='${prefix}/var'
lt_ECHO='echo'
mandir='${datarootdir}/man'
oldincludedir='/usr/include'
pdfdir='${docdir}'
prefix='/home/yufei/workspace/Lamobo/d1_anyka/branches/beijing/src/popobox/install'
program_prefix=''
program_transform_name='s,x,x,'
psdir='${docdir}'
sbindir='${exec_prefix}/sbin'
sharedstatedir='${prefix}/com'
sysconfdir='${prefix}/etc'
target_alias=''

## ----------- ##
## confdefs.h. ##
## ----------- ##

#define PACKAGE_NAME "sqlite"
#define PACKAGE_TARNAME "sqlite"
#define PACKAGE_VERSION "3.6.22"
#define PACKAGE_STRING "sqlite 3.6.22"
#define PACKAGE_BUGREPORT ""
#define STDC_HEADERS 1
#define HAVE_SYS_TYPES_H 1
#define HAVE_SYS_STAT_H 1
#define HAVE_STDLIB_H 1
#define HAVE_STRING_H 1
#define HAVE_MEMORY_H 1
#define HAVE_STRINGS_H 1
#define HAVE_INTTYPES_H 1
#define HAVE_STDINT_H 1
#define HAVE_UNISTD_H 1
#define HAVE_DLFCN_H 1
#define LT_OBJDIR ".libs/"
#define _FILE_OFFSET_BITS 64
#define HAVE_INT8_T 1
#define HAVE_INT16_T 1
#define HAVE_INT32_T 1
#define HAVE_INT64_T 1
#define HAVE_INTPTR_T 1
#define HAVE_UINT8_T 1
#define HAVE_UINT16_T 1
#define HAVE_UINT32_T 1
#define HAVE_UINT64_T 1
#define HAVE_UINTPTR_T 1
#define HAVE_SYS_TYPES_H 1
#define HAVE_STDLIB_H 1
#define HAVE_STDINT_H 1
#define HAVE_INTTYPES_H 1
#define HAVE_USLEEP 1
#define HAVE_FDATASYNC 1
#define HAVE_LOCALTIME_R 1
#define HAVE_GMTIME_R 1

configure: exit 0
